11:06:59.231 [restartedMain] INFO  com.neusoft.HealthApplication - Starting HealthApplication on Umbrella with PID 5744 (F:\NEUSOFT\health\target\classes started by xyc in F:\NEUSOFT\health)
11:06:59.289 [restartedMain] INFO  com.neusoft.HealthApplication - The following profiles are active: dev
11:07:08.884 [restartedMain] INFO  org.apache.coyote.http11.Http11NioProtocol - Initializing ProtocolHandler ["http-nio-8002"]
11:07:08.933 [restartedMain] INFO  org.apache.catalina.core.StandardService - Starting service [Tomcat]
11:07:08.934 [restartedMain] INFO  org.apache.catalina.core.StandardEngine - Starting Servlet Engine: Apache Tomcat/9.0.13
11:07:09.070 [restartedMain] INFO  org.apache.catalina.core.AprLifecycleListener - The APR based Apache Tomcat Native library which allows optimal performance in production environments was not found on the java.library.path: [C:\Program Files\Java\jdk1.8.0_171\bin;C:\WINDOWS\Sun\Java\bin;C:\WINDOWS\system32;C:\WINDOWS;D:\app\xyc\product\11.2.0\dbhome_1\bin;C:\Program Files (x86)\Common Files\Oracle\Java\javapath;C:\ProgramData\Oracle\Java\javapath;C:\Program Files (x86)\Intel\iCLS Client\;C:\Program Files\Intel\iCLS Client\;C:\WINDOWS\system32;C:\WINDOWS;C:\WINDOWS\System32\Wbem;C:\WINDOWS\System32\WindowsPowerShell\v1.0\;C:\Program Files\Intel\Intel(R) Management Engine Components\DAL;C:\Program Files (x86)\Intel\Intel(R) Management Engine Components\DAL;C:\Program Files\Intel\Intel(R) Management Engine Components\IPT;C:\Program Files (x86)\Intel\Intel(R) Management Engine Components\IPT;C:\Program Files (x86)\ATI Technologies\ATI.ACE\Core-Static;C:\Program Files\Java\jdk1.8.0_171\bin;C:\Program Files\Java\jdk1.8.0_171\jre\bin;D:\Program Files\Java\bin;C:\Program Files (x86)\Windows Live\Shared;C:\Program Files (x86)\AMD\ATI.ACE\Core-Static;F:\SQL Server\SQL Server1\100\Tools\Binn\;F:\SQL Server\100\Tools\Binn\;F:\SQL Server\100\DTS\Binn\;F:\SQL Server\SQL Server1\100\Tools\Binn\VSShell\Common7\IDE\;c:\Program Files (x86)\Microsoft Visual Studio 9.0\Common7\IDE\PrivateAssemblies\;F:\SQL Server\SQL Server1\100\DTS\Binn\;%SY;TEMROOT%\System32\OpenSSH\;F:\cBay\git\bin;F:\cBay\git\Git\cmd;F:\cBay\idea\maven\apache-maven-3.5.4\bin;F:\cBay\node\;F:\cBay\SVN\bin;F:\cBay\wkhtmltopdf\bin;C:\Program Files\Calibre2\;F:\大三\大三下\Python\Scripts\;F:\大三\大三下\Python\;C:\Users\xyc\AppData\Local\Microsoft\WindowsApps;F:\大三\大三上\JS\Vs\Microsoft VS Code\bin;C:\Users\xyc\AppData\Roaming\npm;C:\Users\xyc\AppData\Local\GitHubDesktop\bin;.]
11:07:09.621 [restartedMain] INFO  org.apache.catalina.core.ContainerBase.[Tomcat].[localhost].[/] - Initializing Spring embedded WebApplicationContext
11:07:11.801 [restartedMain] WARN  o.s.b.a.t.ThymeleafAutoConfiguration$DefaultTemplateResolverConfiguration - Cannot find template location: classpath:/templates/ (please add some templates or check your Thymeleaf configuration)
11:07:13.100 [restartedMain] INFO  org.apache.coyote.http11.Http11NioProtocol - Starting ProtocolHandler ["http-nio-8002"]
11:07:13.145 [restartedMain] INFO  org.apache.tomcat.util.net.NioSelectorPool - Using a shared selector for servlet write/read
11:07:13.249 [restartedMain] INFO  com.neusoft.HealthApplication - Started HealthApplication in 16.024 seconds (JVM running for 26.599)
11:08:21.324 [http-nio-8002-exec-9] INFO  org.apache.catalina.core.ContainerBase.[Tomcat].[localhost].[/] - Initializing Spring DispatcherServlet 'dispatcherServlet'
11:08:21.616 [http-nio-8002-exec-9] INFO  com.zaxxer.hikari.HikariDataSource - HikariPool-1 - Starting...
11:08:22.155 [http-nio-8002-exec-9] INFO  com.zaxxer.hikari.HikariDataSource - HikariPool-1 - Start completed.
11:09:58.504 [restartedMain] INFO  com.neusoft.HealthApplication - Starting HealthApplication on Umbrella with PID 14824 (F:\NEUSOFT\health\target\classes started by xyc in F:\NEUSOFT\health)
11:09:58.572 [restartedMain] INFO  com.neusoft.HealthApplication - The following profiles are active: dev
11:10:05.715 [restartedMain] INFO  org.apache.coyote.http11.Http11NioProtocol - Initializing ProtocolHandler ["http-nio-8002"]
11:10:05.745 [restartedMain] INFO  org.apache.catalina.core.StandardService - Starting service [Tomcat]
11:10:05.746 [restartedMain] INFO  org.apache.catalina.core.StandardEngine - Starting Servlet Engine: Apache Tomcat/9.0.13
11:10:05.766 [restartedMain] INFO  org.apache.catalina.core.AprLifecycleListener - The APR based Apache Tomcat Native library which allows optimal performance in production environments was not found on the java.library.path: [C:\Program Files\Java\jdk1.8.0_171\bin;C:\WINDOWS\Sun\Java\bin;C:\WINDOWS\system32;C:\WINDOWS;D:\app\xyc\product\11.2.0\dbhome_1\bin;C:\Program Files (x86)\Common Files\Oracle\Java\javapath;C:\ProgramData\Oracle\Java\javapath;C:\Program Files (x86)\Intel\iCLS Client\;C:\Program Files\Intel\iCLS Client\;C:\WINDOWS\system32;C:\WINDOWS;C:\WINDOWS\System32\Wbem;C:\WINDOWS\System32\WindowsPowerShell\v1.0\;C:\Program Files\Intel\Intel(R) Management Engine Components\DAL;C:\Program Files (x86)\Intel\Intel(R) Management Engine Components\DAL;C:\Program Files\Intel\Intel(R) Management Engine Components\IPT;C:\Program Files (x86)\Intel\Intel(R) Management Engine Components\IPT;C:\Program Files (x86)\ATI Technologies\ATI.ACE\Core-Static;C:\Program Files\Java\jdk1.8.0_171\bin;C:\Program Files\Java\jdk1.8.0_171\jre\bin;D:\Program Files\Java\bin;C:\Program Files (x86)\Windows Live\Shared;C:\Program Files (x86)\AMD\ATI.ACE\Core-Static;F:\SQL Server\SQL Server1\100\Tools\Binn\;F:\SQL Server\100\Tools\Binn\;F:\SQL Server\100\DTS\Binn\;F:\SQL Server\SQL Server1\100\Tools\Binn\VSShell\Common7\IDE\;c:\Program Files (x86)\Microsoft Visual Studio 9.0\Common7\IDE\PrivateAssemblies\;F:\SQL Server\SQL Server1\100\DTS\Binn\;%SY;TEMROOT%\System32\OpenSSH\;F:\cBay\git\bin;F:\cBay\git\Git\cmd;F:\cBay\idea\maven\apache-maven-3.5.4\bin;F:\cBay\node\;F:\cBay\SVN\bin;F:\cBay\wkhtmltopdf\bin;C:\Program Files\Calibre2\;F:\大三\大三下\Python\Scripts\;F:\大三\大三下\Python\;C:\Users\xyc\AppData\Local\Microsoft\WindowsApps;F:\大三\大三上\JS\Vs\Microsoft VS Code\bin;C:\Users\xyc\AppData\Roaming\npm;C:\Users\xyc\AppData\Local\GitHubDesktop\bin;.]
11:10:06.146 [restartedMain] INFO  org.apache.catalina.core.ContainerBase.[Tomcat].[localhost].[/] - Initializing Spring embedded WebApplicationContext
11:10:08.307 [restartedMain] WARN  o.s.b.a.t.ThymeleafAutoConfiguration$DefaultTemplateResolverConfiguration - Cannot find template location: classpath:/templates/ (please add some templates or check your Thymeleaf configuration)
11:10:09.108 [restartedMain] INFO  org.apache.coyote.http11.Http11NioProtocol - Starting ProtocolHandler ["http-nio-8002"]
11:10:09.131 [restartedMain] INFO  org.apache.tomcat.util.net.NioSelectorPool - Using a shared selector for servlet write/read
11:10:09.172 [restartedMain] INFO  com.neusoft.HealthApplication - Started HealthApplication in 12.589 seconds (JVM running for 15.067)
11:10:12.219 [http-nio-8002-exec-1] INFO  org.apache.catalina.core.ContainerBase.[Tomcat].[localhost].[/] - Initializing Spring DispatcherServlet 'dispatcherServlet'
11:10:12.399 [http-nio-8002-exec-1] INFO  com.zaxxer.hikari.HikariDataSource - HikariPool-1 - Starting...
11:10:12.721 [http-nio-8002-exec-1] INFO  com.zaxxer.hikari.HikariDataSource - HikariPool-1 - Start completed.
11:11:23.456 [main] INFO  org.springframework.boot.test.context.SpringBootTestContextBootstrapper - Neither @ContextConfiguration nor @ContextHierarchy found for test class [com.neusoft.health.HealthApplicationTests], using SpringBootContextLoader
11:11:23.465 [main] INFO  org.springframework.test.context.support.AbstractContextLoader - Could not detect default resource locations for test class [com.neusoft.health.HealthApplicationTests]: no resource found for suffixes {-context.xml, Context.groovy}.
11:11:23.466 [main] INFO  org.springframework.test.context.support.AnnotationConfigContextLoaderUtils - Could not detect default configuration classes for test class [com.neusoft.health.HealthApplicationTests]: HealthApplicationTests does not declare any static, non-private, non-final, nested classes annotated with @Configuration.
11:11:23.672 [main] INFO  org.springframework.boot.test.context.SpringBootTestContextBootstrapper - Found @SpringBootConfiguration com.neusoft.HealthApplication for test class com.neusoft.health.HealthApplicationTests
11:11:23.886 [main] INFO  org.springframework.boot.test.context.SpringBootTestContextBootstrapper - Loaded default TestExecutionListener class names from location [META-INF/spring.factories]: [org.springframework.boot.test.mock.mockito.MockitoTestExecutionListener, org.springframework.boot.test.mock.mockito.ResetMocksTestExecutionListener, org.springframework.boot.test.autoconfigure.restdocs.RestDocsTestExecutionListener, org.springframework.boot.test.autoconfigure.web.client.MockRestServiceServerResetTestExecutionListener, org.springframework.boot.test.autoconfigure.web.servlet.MockMvcPrintOnlyOnFailureTestExecutionListener, org.springframework.boot.test.autoconfigure.web.servlet.WebDriverTestExecutionListener, org.springframework.test.context.web.ServletTestExecutionListener, org.springframework.test.context.support.DirtiesContextBeforeModesTestExecutionListener, org.springframework.test.context.support.DependencyInjectionTestExecutionListener, org.springframework.test.context.support.DirtiesContextTestExecutionListener, org.springframework.test.context.transaction.TransactionalTestExecutionListener, org.springframework.test.context.jdbc.SqlScriptsTestExecutionListener]
11:11:23.928 [main] INFO  org.springframework.boot.test.context.SpringBootTestContextBootstrapper - Using TestExecutionListeners: [org.springframework.test.context.web.ServletTestExecutionListener@6e0f5f7f, org.springframework.test.context.support.DirtiesContextBeforeModesTestExecutionListener@2805d709, org.springframework.boot.test.mock.mockito.MockitoTestExecutionListener@3ee37e5a, org.springframework.boot.test.autoconfigure.SpringBootDependencyInjectionTestExecutionListener@2ea41516, org.springframework.test.context.support.DirtiesContextTestExecutionListener@3a44431a, org.springframework.test.context.transaction.TransactionalTestExecutionListener@3c7f66c4, org.springframework.test.context.jdbc.SqlScriptsTestExecutionListener@194bcebf, org.springframework.boot.test.mock.mockito.ResetMocksTestExecutionListener@17497425, org.springframework.boot.test.autoconfigure.restdocs.RestDocsTestExecutionListener@f0da945, org.springframework.boot.test.autoconfigure.web.client.MockRestServiceServerResetTestExecutionListener@4803b726, org.springframework.boot.test.autoconfigure.web.servlet.MockMvcPrintOnlyOnFailureTestExecutionListener@ffaa6af, org.springframework.boot.test.autoconfigure.web.servlet.WebDriverTestExecutionListener@53ce1329]
11:11:24.690 [main] INFO  com.neusoft.health.HealthApplicationTests - Starting HealthApplicationTests on Umbrella with PID 2120 (started by xyc in F:\NEUSOFT\health)
11:11:24.690 [main] INFO  com.neusoft.health.HealthApplicationTests - The following profiles are active: dev
11:11:29.995 [main] WARN  o.s.b.a.t.ThymeleafAutoConfiguration$DefaultTemplateResolverConfiguration - Cannot find template location: classpath:/templates/ (please add some templates or check your Thymeleaf configuration)
11:11:30.747 [main] INFO  com.neusoft.health.HealthApplicationTests - Started HealthApplicationTests in 6.71 seconds (JVM running for 10.195)
13:41:22.959 [restartedMain] INFO  com.neusoft.HealthApplication - Starting HealthApplication on Umbrella with PID 5532 (F:\NEUSOFT\health\target\classes started by xyc in F:\NEUSOFT\health)
13:41:22.987 [restartedMain] INFO  com.neusoft.HealthApplication - The following profiles are active: dev
13:41:31.851 [restartedMain] INFO  org.apache.coyote.http11.Http11NioProtocol - Initializing ProtocolHandler ["http-nio-8002"]
13:41:31.934 [restartedMain] INFO  org.apache.catalina.core.StandardService - Starting service [Tomcat]
13:41:31.935 [restartedMain] INFO  org.apache.catalina.core.StandardEngine - Starting Servlet Engine: Apache Tomcat/9.0.13
13:41:31.976 [restartedMain] INFO  org.apache.catalina.core.AprLifecycleListener - The APR based Apache Tomcat Native library which allows optimal performance in production environments was not found on the java.library.path: [C:\Program Files\Java\jdk1.8.0_171\bin;C:\WINDOWS\Sun\Java\bin;C:\WINDOWS\system32;C:\WINDOWS;D:\app\xyc\product\11.2.0\dbhome_1\bin;C:\Program Files (x86)\Common Files\Oracle\Java\javapath;C:\ProgramData\Oracle\Java\javapath;C:\Program Files (x86)\Intel\iCLS Client\;C:\Program Files\Intel\iCLS Client\;C:\WINDOWS\system32;C:\WINDOWS;C:\WINDOWS\System32\Wbem;C:\WINDOWS\System32\WindowsPowerShell\v1.0\;C:\Program Files\Intel\Intel(R) Management Engine Components\DAL;C:\Program Files (x86)\Intel\Intel(R) Management Engine Components\DAL;C:\Program Files\Intel\Intel(R) Management Engine Components\IPT;C:\Program Files (x86)\Intel\Intel(R) Management Engine Components\IPT;C:\Program Files (x86)\ATI Technologies\ATI.ACE\Core-Static;C:\Program Files\Java\jdk1.8.0_171\bin;C:\Program Files\Java\jdk1.8.0_171\jre\bin;D:\Program Files\Java\bin;C:\Program Files (x86)\Windows Live\Shared;C:\Program Files (x86)\AMD\ATI.ACE\Core-Static;F:\SQL Server\SQL Server1\100\Tools\Binn\;F:\SQL Server\100\Tools\Binn\;F:\SQL Server\100\DTS\Binn\;F:\SQL Server\SQL Server1\100\Tools\Binn\VSShell\Common7\IDE\;c:\Program Files (x86)\Microsoft Visual Studio 9.0\Common7\IDE\PrivateAssemblies\;F:\SQL Server\SQL Server1\100\DTS\Binn\;%SY;TEMROOT%\System32\OpenSSH\;F:\cBay\git\bin;F:\cBay\git\Git\cmd;F:\cBay\idea\maven\apache-maven-3.5.4\bin;F:\cBay\node\;F:\cBay\SVN\bin;F:\cBay\wkhtmltopdf\bin;C:\Program Files\Calibre2\;F:\大三\大三下\Python\Scripts\;F:\大三\大三下\Python\;C:\Users\xyc\AppData\Local\Microsoft\WindowsApps;F:\大三\大三上\JS\Vs\Microsoft VS Code\bin;C:\Users\xyc\AppData\Roaming\npm;C:\Users\xyc\AppData\Local\GitHubDesktop\bin;.]
13:41:32.512 [restartedMain] INFO  org.apache.catalina.core.ContainerBase.[Tomcat].[localhost].[/] - Initializing Spring embedded WebApplicationContext
13:41:35.317 [restartedMain] WARN  o.s.b.a.t.ThymeleafAutoConfiguration$DefaultTemplateResolverConfiguration - Cannot find template location: classpath:/templates/ (please add some templates or check your Thymeleaf configuration)
13:41:36.220 [restartedMain] INFO  org.apache.coyote.http11.Http11NioProtocol - Starting ProtocolHandler ["http-nio-8002"]
13:41:36.243 [restartedMain] INFO  org.apache.tomcat.util.net.NioSelectorPool - Using a shared selector for servlet write/read
13:41:36.317 [restartedMain] INFO  com.neusoft.HealthApplication - Started HealthApplication in 16.424 seconds (JVM running for 39.083)
14:22:27.464 [http-nio-8002-exec-1] INFO  org.apache.catalina.core.ContainerBase.[Tomcat].[localhost].[/] - Initializing Spring DispatcherServlet 'dispatcherServlet'
14:22:27.626 [http-nio-8002-exec-1] WARN  org.springframework.web.servlet.mvc.support.DefaultHandlerExceptionResolver - Resolved [org.springframework.web.HttpRequestMethodNotSupportedException: Request method 'POST' not supported]
14:22:32.924 [http-nio-8002-exec-3] INFO  com.zaxxer.hikari.HikariDataSource - HikariPool-1 - Starting...
14:22:33.569 [http-nio-8002-exec-3] INFO  com.zaxxer.hikari.HikariDataSource - HikariPool-1 - Start completed.
