11:49:06.061 [restartedMain] INFO  com.neusoft.HealthApplication - Starting HealthApplication on Umbrella with PID 2856 (F:\NEUSOFT\health\target\classes started by xyc in F:\NEUSOFT\health)
11:49:06.089 [restartedMain] INFO  com.neusoft.HealthApplication - The following profiles are active: dev
11:49:15.150 [restartedMain] INFO  org.apache.coyote.http11.Http11NioProtocol - Initializing ProtocolHandler ["http-nio-8002"]
11:49:15.243 [restartedMain] INFO  org.apache.catalina.core.StandardService - Starting service [Tomcat]
11:49:15.244 [restartedMain] INFO  org.apache.catalina.core.StandardEngine - Starting Servlet Engine: Apache Tomcat/9.0.13
11:49:15.291 [restartedMain] INFO  org.apache.catalina.core.AprLifecycleListener - The APR based Apache Tomcat Native library which allows optimal performance in production environments was not found on the java.library.path: [C:\Program Files\Java\jdk1.8.0_171\bin;C:\WINDOWS\Sun\Java\bin;C:\WINDOWS\system32;C:\WINDOWS;D:\app\xyc\product\11.2.0\dbhome_1\bin;C:\Program Files (x86)\Common Files\Oracle\Java\javapath;C:\ProgramData\Oracle\Java\javapath;C:\Program Files (x86)\Intel\iCLS Client\;C:\Program Files\Intel\iCLS Client\;C:\WINDOWS\system32;C:\WINDOWS;C:\WINDOWS\System32\Wbem;C:\WINDOWS\System32\WindowsPowerShell\v1.0\;C:\Program Files\Intel\Intel(R) Management Engine Components\DAL;C:\Program Files (x86)\Intel\Intel(R) Management Engine Components\DAL;C:\Program Files\Intel\Intel(R) Management Engine Components\IPT;C:\Program Files (x86)\Intel\Intel(R) Management Engine Components\IPT;C:\Program Files (x86)\ATI Technologies\ATI.ACE\Core-Static;C:\Program Files\Java\jdk1.8.0_171\bin;C:\Program Files\Java\jdk1.8.0_171\jre\bin;D:\Program Files\Java\bin;C:\Program Files (x86)\Windows Live\Shared;C:\Program Files (x86)\AMD\ATI.ACE\Core-Static;F:\SQL Server\SQL Server1\100\Tools\Binn\;F:\SQL Server\100\Tools\Binn\;F:\SQL Server\100\DTS\Binn\;F:\SQL Server\SQL Server1\100\Tools\Binn\VSShell\Common7\IDE\;c:\Program Files (x86)\Microsoft Visual Studio 9.0\Common7\IDE\PrivateAssemblies\;F:\SQL Server\SQL Server1\100\DTS\Binn\;%SY;TEMROOT%\System32\OpenSSH\;F:\cBay\git\bin;F:\cBay\git\Git\cmd;F:\cBay\idea\maven\apache-maven-3.5.4\bin;F:\cBay\node\;F:\cBay\SVN\bin;F:\cBay\wkhtmltopdf\bin;C:\Program Files\Calibre2\;F:\大三\大三下\Python\Scripts\;F:\大三\大三下\Python\;C:\Users\xyc\AppData\Local\Microsoft\WindowsApps;F:\大三\大三上\JS\Vs\Microsoft VS Code\bin;C:\Users\xyc\AppData\Roaming\npm;.]
11:49:15.781 [restartedMain] INFO  org.apache.catalina.core.ContainerBase.[Tomcat].[localhost].[/] - Initializing Spring embedded WebApplicationContext
11:49:18.770 [restartedMain] WARN  o.s.b.a.t.ThymeleafAutoConfiguration$DefaultTemplateResolverConfiguration - Cannot find template location: classpath:/templates/ (please add some templates or check your Thymeleaf configuration)
11:49:19.757 [restartedMain] INFO  org.apache.coyote.http11.Http11NioProtocol - Starting ProtocolHandler ["http-nio-8002"]
11:49:19.774 [restartedMain] INFO  org.apache.tomcat.util.net.NioSelectorPool - Using a shared selector for servlet write/read
11:49:19.874 [restartedMain] INFO  com.neusoft.HealthApplication - Started HealthApplication in 16.192 seconds (JVM running for 21.927)
11:51:19.942 [http-nio-8002-exec-2] INFO  org.apache.catalina.core.ContainerBase.[Tomcat].[localhost].[/] - Initializing Spring DispatcherServlet 'dispatcherServlet'
11:51:20.308 [http-nio-8002-exec-2] INFO  com.zaxxer.hikari.HikariDataSource - HikariPool-1 - Starting...
11:51:20.780 [http-nio-8002-exec-2] INFO  com.zaxxer.hikari.HikariDataSource - HikariPool-1 - Start completed.
11:51:21.198 [http-nio-8002-exec-2] ERROR o.a.catalina.core.ContainerBase.[Tomcat].[localhost].[/].[dispatcherServlet] - Servlet.service() for servlet [dispatcherServlet] in context with path [] threw exception [Request processing failed; nested exception is org.springframework.dao.DataIntegrityViolationException: 
### Error querying database.  Cause: java.sql.SQLIntegrityConstraintViolationException: Column 'create_time' in order clause is ambiguous
### The error may exist in file [F:\NEUSOFT\health\target\classes\mapper\HealthyArticleMapper.xml]
### The error may involve com.neusoft.dao.HealthyArticleMapper.selectArticleCommentPageByArticleId-Inline
### The error occurred while setting parameters
### SQL: select     b.username as userName,           a.comment_id as commentId,     a.article_id as articleId,     a.content as content,     a.user_id as userId,     a.create_time as createTime         from article_comment a     LEFT JOIN user b     on a.user_id=b.user_id     where article_id=? order by create_time LIMIT ?
### Cause: java.sql.SQLIntegrityConstraintViolationException: Column 'create_time' in order clause is ambiguous
; Column 'create_time' in order clause is ambiguous; nested exception is java.sql.SQLIntegrityConstraintViolationException: Column 'create_time' in order clause is ambiguous] with root cause
java.sql.SQLIntegrityConstraintViolationException: Column 'create_time' in order clause is ambiguous
	at com.mysql.cj.jdbc.exceptions.SQLError.createSQLException(SQLError.java:117)
	at com.mysql.cj.jdbc.exceptions.SQLError.createSQLException(SQLError.java:97)
	at com.mysql.cj.jdbc.exceptions.SQLExceptionsMapping.translateException(SQLExceptionsMapping.java:122)
	at com.mysql.cj.jdbc.ClientPreparedStatement.executeInternal(ClientPreparedStatement.java:974)
	at com.mysql.cj.jdbc.ClientPreparedStatement.execute(ClientPreparedStatement.java:391)
	at com.zaxxer.hikari.pool.ProxyPreparedStatement.execute(ProxyPreparedStatement.java:44)
	at com.zaxxer.hikari.pool.HikariProxyPreparedStatement.execute(HikariProxyPreparedStatement.java)
	at org.apache.ibatis.executor.statement.PreparedStatementHandler.query(PreparedStatementHandler.java:63)
	at org.apache.ibatis.executor.statement.RoutingStatementHandler.query(RoutingStatementHandler.java:79)
	at org.apache.ibatis.executor.SimpleExecutor.doQuery(SimpleExecutor.java:63)
	at org.apache.ibatis.executor.BaseExecutor.queryFromDatabase(BaseExecutor.java:324)
	at org.apache.ibatis.executor.BaseExecutor.query(BaseExecutor.java:156)
	at org.apache.ibatis.executor.CachingExecutor.query(CachingExecutor.java:109)
	at com.github.pagehelper.PageInterceptor.intercept(PageInterceptor.java:136)
	at org.apache.ibatis.plugin.Plugin.invoke(Plugin.java:61)
	at com.sun.proxy.$Proxy82.query(Unknown Source)
	at org.apache.ibatis.session.defaults.DefaultSqlSession.selectList(DefaultSqlSession.java:148)
	at org.apache.ibatis.session.defaults.DefaultSqlSession.selectList(DefaultSqlSession.java:141)
	at sun.reflect.NativeMethodAccessorImpl.invoke0(Native Method)
	at sun.reflect.NativeMethodAccessorImpl.invoke(NativeMethodAccessorImpl.java:62)
	at sun.reflect.DelegatingMethodAccessorImpl.invoke(DelegatingMethodAccessorImpl.java:43)
	at java.lang.reflect.Method.invoke(Method.java:498)
	at org.mybatis.spring.SqlSessionTemplate$SqlSessionInterceptor.invoke(SqlSessionTemplate.java:433)
	at com.sun.proxy.$Proxy67.selectList(Unknown Source)
	at org.mybatis.spring.SqlSessionTemplate.selectList(SqlSessionTemplate.java:230)
	at org.apache.ibatis.binding.MapperMethod.executeForMany(MapperMethod.java:137)
	at org.apache.ibatis.binding.MapperMethod.execute(MapperMethod.java:75)
	at org.apache.ibatis.binding.MapperProxy.invoke(MapperProxy.java:59)
	at com.sun.proxy.$Proxy72.selectArticleCommentPageByArticleId(Unknown Source)
	at com.neusoft.service.HealthyArticleService.selectArticleCommentPageByArticleId(HealthyArticleService.java:327)
	at com.neusoft.controller.HealthyArticleController.selectArticleCommentPageByArticleId(HealthyArticleController.java:204)
	at sun.reflect.NativeMethodAccessorImpl.invoke0(Native Method)
	at sun.reflect.NativeMethodAccessorImpl.invoke(NativeMethodAccessorImpl.java:62)
	at sun.reflect.DelegatingMethodAccessorImpl.invoke(DelegatingMethodAccessorImpl.java:43)
	at java.lang.reflect.Method.invoke(Method.java:498)
	at org.springframework.web.method.support.InvocableHandlerMethod.doInvoke(InvocableHandlerMethod.java:189)
	at org.springframework.web.method.support.InvocableHandlerMethod.invokeForRequest(InvocableHandlerMethod.java:138)
	at org.springframework.web.servlet.mvc.method.annotation.ServletInvocableHandlerMethod.invokeAndHandle(ServletInvocableHandlerMethod.java:102)
	at org.springframework.web.servlet.mvc.method.annotation.RequestMappingHandlerAdapter.invokeHandlerMethod(RequestMappingHandlerAdapter.java:895)
	at org.springframework.web.servlet.mvc.method.annotation.RequestMappingHandlerAdapter.handleInternal(RequestMappingHandlerAdapter.java:800)
	at org.springframework.web.servlet.mvc.method.AbstractHandlerMethodAdapter.handle(AbstractHandlerMethodAdapter.java:87)
	at org.springframework.web.servlet.DispatcherServlet.doDispatch(DispatcherServlet.java:1038)
	at org.springframework.web.servlet.DispatcherServlet.doService(DispatcherServlet.java:942)
	at org.springframework.web.servlet.FrameworkServlet.processRequest(FrameworkServlet.java:1005)
	at org.springframework.web.servlet.FrameworkServlet.doPost(FrameworkServlet.java:908)
	at javax.servlet.http.HttpServlet.service(HttpServlet.java:660)
	at org.springframework.web.servlet.FrameworkServlet.service(FrameworkServlet.java:882)
	at javax.servlet.http.HttpServlet.service(HttpServlet.java:741)
	at org.apache.catalina.core.ApplicationFilterChain.internalDoFilter(ApplicationFilterChain.java:231)
	at org.apache.catalina.core.ApplicationFilterChain.doFilter(ApplicationFilterChain.java:166)
	at org.apache.tomcat.websocket.server.WsFilter.doFilter(WsFilter.java:53)
	at org.apache.catalina.core.ApplicationFilterChain.internalDoFilter(ApplicationFilterChain.java:193)
	at org.apache.catalina.core.ApplicationFilterChain.doFilter(ApplicationFilterChain.java:166)
	at org.springframework.web.filter.CorsFilter.doFilterInternal(CorsFilter.java:96)
	at org.springframework.web.filter.OncePerRequestFilter.doFilter(OncePerRequestFilter.java:107)
	at org.apache.catalina.core.ApplicationFilterChain.internalDoFilter(ApplicationFilterChain.java:193)
	at org.apache.catalina.core.ApplicationFilterChain.doFilter(ApplicationFilterChain.java:166)
	at org.springframework.web.filter.RequestContextFilter.doFilterInternal(RequestContextFilter.java:99)
	at org.springframework.web.filter.OncePerRequestFilter.doFilter(OncePerRequestFilter.java:107)
	at org.apache.catalina.core.ApplicationFilterChain.internalDoFilter(ApplicationFilterChain.java:193)
	at org.apache.catalina.core.ApplicationFilterChain.doFilter(ApplicationFilterChain.java:166)
	at org.springframework.web.filter.FormContentFilter.doFilterInternal(FormContentFilter.java:92)
	at org.springframework.web.filter.OncePerRequestFilter.doFilter(OncePerRequestFilter.java:107)
	at org.apache.catalina.core.ApplicationFilterChain.internalDoFilter(ApplicationFilterChain.java:193)
	at org.apache.catalina.core.ApplicationFilterChain.doFilter(ApplicationFilterChain.java:166)
	at org.springframework.web.filter.HiddenHttpMethodFilter.doFilterInternal(HiddenHttpMethodFilter.java:93)
	at org.springframework.web.filter.OncePerRequestFilter.doFilter(OncePerRequestFilter.java:107)
	at org.apache.catalina.core.ApplicationFilterChain.internalDoFilter(ApplicationFilterChain.java:193)
	at org.apache.catalina.core.ApplicationFilterChain.doFilter(ApplicationFilterChain.java:166)
	at org.springframework.web.filter.CharacterEncodingFilter.doFilterInternal(CharacterEncodingFilter.java:200)
	at org.springframework.web.filter.OncePerRequestFilter.doFilter(OncePerRequestFilter.java:107)
	at org.apache.catalina.core.ApplicationFilterChain.internalDoFilter(ApplicationFilterChain.java:193)
	at org.apache.catalina.core.ApplicationFilterChain.doFilter(ApplicationFilterChain.java:166)
	at org.apache.catalina.core.StandardWrapperValve.invoke(StandardWrapperValve.java:199)
	at org.apache.catalina.core.StandardContextValve.invoke(StandardContextValve.java:96)
	at org.apache.catalina.authenticator.AuthenticatorBase.invoke(AuthenticatorBase.java:490)
	at org.apache.catalina.core.StandardHostValve.invoke(StandardHostValve.java:139)
	at org.apache.catalina.valves.ErrorReportValve.invoke(ErrorReportValve.java:92)
	at org.apache.catalina.core.StandardEngineValve.invoke(StandardEngineValve.java:74)
	at org.apache.catalina.connector.CoyoteAdapter.service(CoyoteAdapter.java:343)
	at org.apache.coyote.http11.Http11Processor.service(Http11Processor.java:408)
	at org.apache.coyote.AbstractProcessorLight.process(AbstractProcessorLight.java:66)
	at org.apache.coyote.AbstractProtocol$ConnectionHandler.process(AbstractProtocol.java:791)
	at org.apache.tomcat.util.net.NioEndpoint$SocketProcessor.doRun(NioEndpoint.java:1417)
	at org.apache.tomcat.util.net.SocketProcessorBase.run(SocketProcessorBase.java:49)
	at java.util.concurrent.ThreadPoolExecutor.runWorker(ThreadPoolExecutor.java:1149)
	at java.util.concurrent.ThreadPoolExecutor$Worker.run(ThreadPoolExecutor.java:624)
	at org.apache.tomcat.util.threads.TaskThread$WrappingRunnable.run(TaskThread.java:61)
	at java.lang.Thread.run(Thread.java:748)
11:52:35.778 [restartedMain] INFO  com.neusoft.HealthApplication - Starting HealthApplication on Umbrella with PID 1900 (F:\NEUSOFT\health\target\classes started by xyc in F:\NEUSOFT\health)
11:52:35.787 [restartedMain] INFO  com.neusoft.HealthApplication - The following profiles are active: dev
11:52:42.400 [restartedMain] INFO  org.apache.coyote.http11.Http11NioProtocol - Initializing ProtocolHandler ["http-nio-8002"]
11:52:42.478 [restartedMain] INFO  org.apache.catalina.core.StandardService - Starting service [Tomcat]
11:52:42.478 [restartedMain] INFO  org.apache.catalina.core.StandardEngine - Starting Servlet Engine: Apache Tomcat/9.0.13
11:52:42.498 [restartedMain] INFO  org.apache.catalina.core.AprLifecycleListener - The APR based Apache Tomcat Native library which allows optimal performance in production environments was not found on the java.library.path: [C:\Program Files\Java\jdk1.8.0_171\bin;C:\WINDOWS\Sun\Java\bin;C:\WINDOWS\system32;C:\WINDOWS;D:\app\xyc\product\11.2.0\dbhome_1\bin;C:\Program Files (x86)\Common Files\Oracle\Java\javapath;C:\ProgramData\Oracle\Java\javapath;C:\Program Files (x86)\Intel\iCLS Client\;C:\Program Files\Intel\iCLS Client\;C:\WINDOWS\system32;C:\WINDOWS;C:\WINDOWS\System32\Wbem;C:\WINDOWS\System32\WindowsPowerShell\v1.0\;C:\Program Files\Intel\Intel(R) Management Engine Components\DAL;C:\Program Files (x86)\Intel\Intel(R) Management Engine Components\DAL;C:\Program Files\Intel\Intel(R) Management Engine Components\IPT;C:\Program Files (x86)\Intel\Intel(R) Management Engine Components\IPT;C:\Program Files (x86)\ATI Technologies\ATI.ACE\Core-Static;C:\Program Files\Java\jdk1.8.0_171\bin;C:\Program Files\Java\jdk1.8.0_171\jre\bin;D:\Program Files\Java\bin;C:\Program Files (x86)\Windows Live\Shared;C:\Program Files (x86)\AMD\ATI.ACE\Core-Static;F:\SQL Server\SQL Server1\100\Tools\Binn\;F:\SQL Server\100\Tools\Binn\;F:\SQL Server\100\DTS\Binn\;F:\SQL Server\SQL Server1\100\Tools\Binn\VSShell\Common7\IDE\;c:\Program Files (x86)\Microsoft Visual Studio 9.0\Common7\IDE\PrivateAssemblies\;F:\SQL Server\SQL Server1\100\DTS\Binn\;%SY;TEMROOT%\System32\OpenSSH\;F:\cBay\git\bin;F:\cBay\git\Git\cmd;F:\cBay\idea\maven\apache-maven-3.5.4\bin;F:\cBay\node\;F:\cBay\SVN\bin;F:\cBay\wkhtmltopdf\bin;C:\Program Files\Calibre2\;F:\大三\大三下\Python\Scripts\;F:\大三\大三下\Python\;C:\Users\xyc\AppData\Local\Microsoft\WindowsApps;F:\大三\大三上\JS\Vs\Microsoft VS Code\bin;C:\Users\xyc\AppData\Roaming\npm;.]
11:52:42.832 [restartedMain] INFO  org.apache.catalina.core.ContainerBase.[Tomcat].[localhost].[/] - Initializing Spring embedded WebApplicationContext
11:52:44.502 [restartedMain] WARN  o.s.b.a.t.ThymeleafAutoConfiguration$DefaultTemplateResolverConfiguration - Cannot find template location: classpath:/templates/ (please add some templates or check your Thymeleaf configuration)
11:52:45.388 [restartedMain] INFO  org.apache.coyote.http11.Http11NioProtocol - Starting ProtocolHandler ["http-nio-8002"]
11:52:45.443 [restartedMain] INFO  org.apache.tomcat.util.net.NioSelectorPool - Using a shared selector for servlet write/read
11:52:45.515 [restartedMain] INFO  com.neusoft.HealthApplication - Started HealthApplication in 11.456 seconds (JVM running for 14.291)
11:52:56.463 [http-nio-8002-exec-9] INFO  org.apache.catalina.core.ContainerBase.[Tomcat].[localhost].[/] - Initializing Spring DispatcherServlet 'dispatcherServlet'
11:52:56.707 [http-nio-8002-exec-9] INFO  com.zaxxer.hikari.HikariDataSource - HikariPool-1 - Starting...
11:52:57.067 [http-nio-8002-exec-9] INFO  com.zaxxer.hikari.HikariDataSource - HikariPool-1 - Start completed.
11:55:22.831 [restartedMain] INFO  com.neusoft.HealthApplication - Starting HealthApplication on Umbrella with PID 12608 (F:\NEUSOFT\health\target\classes started by xyc in F:\NEUSOFT\health)
11:55:22.838 [restartedMain] INFO  com.neusoft.HealthApplication - The following profiles are active: dev
11:55:28.332 [restartedMain] INFO  org.apache.coyote.http11.Http11NioProtocol - Initializing ProtocolHandler ["http-nio-8002"]
11:55:28.360 [restartedMain] INFO  org.apache.catalina.core.StandardService - Starting service [Tomcat]
11:55:28.361 [restartedMain] INFO  org.apache.catalina.core.StandardEngine - Starting Servlet Engine: Apache Tomcat/9.0.13
11:55:28.379 [restartedMain] INFO  org.apache.catalina.core.AprLifecycleListener - The APR based Apache Tomcat Native library which allows optimal performance in production environments was not found on the java.library.path: [C:\Program Files\Java\jdk1.8.0_171\bin;C:\WINDOWS\Sun\Java\bin;C:\WINDOWS\system32;C:\WINDOWS;D:\app\xyc\product\11.2.0\dbhome_1\bin;C:\Program Files (x86)\Common Files\Oracle\Java\javapath;C:\ProgramData\Oracle\Java\javapath;C:\Program Files (x86)\Intel\iCLS Client\;C:\Program Files\Intel\iCLS Client\;C:\WINDOWS\system32;C:\WINDOWS;C:\WINDOWS\System32\Wbem;C:\WINDOWS\System32\WindowsPowerShell\v1.0\;C:\Program Files\Intel\Intel(R) Management Engine Components\DAL;C:\Program Files (x86)\Intel\Intel(R) Management Engine Components\DAL;C:\Program Files\Intel\Intel(R) Management Engine Components\IPT;C:\Program Files (x86)\Intel\Intel(R) Management Engine Components\IPT;C:\Program Files (x86)\ATI Technologies\ATI.ACE\Core-Static;C:\Program Files\Java\jdk1.8.0_171\bin;C:\Program Files\Java\jdk1.8.0_171\jre\bin;D:\Program Files\Java\bin;C:\Program Files (x86)\Windows Live\Shared;C:\Program Files (x86)\AMD\ATI.ACE\Core-Static;F:\SQL Server\SQL Server1\100\Tools\Binn\;F:\SQL Server\100\Tools\Binn\;F:\SQL Server\100\DTS\Binn\;F:\SQL Server\SQL Server1\100\Tools\Binn\VSShell\Common7\IDE\;c:\Program Files (x86)\Microsoft Visual Studio 9.0\Common7\IDE\PrivateAssemblies\;F:\SQL Server\SQL Server1\100\DTS\Binn\;%SY;TEMROOT%\System32\OpenSSH\;F:\cBay\git\bin;F:\cBay\git\Git\cmd;F:\cBay\idea\maven\apache-maven-3.5.4\bin;F:\cBay\node\;F:\cBay\SVN\bin;F:\cBay\wkhtmltopdf\bin;C:\Program Files\Calibre2\;F:\大三\大三下\Python\Scripts\;F:\大三\大三下\Python\;C:\Users\xyc\AppData\Local\Microsoft\WindowsApps;F:\大三\大三上\JS\Vs\Microsoft VS Code\bin;C:\Users\xyc\AppData\Roaming\npm;.]
11:55:28.704 [restartedMain] INFO  org.apache.catalina.core.ContainerBase.[Tomcat].[localhost].[/] - Initializing Spring embedded WebApplicationContext
11:55:30.426 [restartedMain] WARN  o.s.b.a.t.ThymeleafAutoConfiguration$DefaultTemplateResolverConfiguration - Cannot find template location: classpath:/templates/ (please add some templates or check your Thymeleaf configuration)
11:55:30.949 [restartedMain] INFO  org.apache.coyote.http11.Http11NioProtocol - Starting ProtocolHandler ["http-nio-8002"]
11:55:30.969 [restartedMain] INFO  org.apache.tomcat.util.net.NioSelectorPool - Using a shared selector for servlet write/read
11:55:31.064 [restartedMain] INFO  com.neusoft.HealthApplication - Started HealthApplication in 10.015 seconds (JVM running for 12.327)
11:55:37.220 [http-nio-8002-exec-2] INFO  org.apache.catalina.core.ContainerBase.[Tomcat].[localhost].[/] - Initializing Spring DispatcherServlet 'dispatcherServlet'
11:55:37.439 [http-nio-8002-exec-2] INFO  com.zaxxer.hikari.HikariDataSource - HikariPool-1 - Starting...
11:55:37.717 [http-nio-8002-exec-2] INFO  com.zaxxer.hikari.HikariDataSource - HikariPool-1 - Start completed.
14:11:34.591 [restartedMain] INFO  com.neusoft.HealthApplication - Starting HealthApplication on Umbrella with PID 3052 (F:\NEUSOFT\health\target\classes started by xyc in F:\NEUSOFT\health)
14:11:34.600 [restartedMain] INFO  com.neusoft.HealthApplication - The following profiles are active: dev
14:11:40.902 [restartedMain] INFO  org.apache.coyote.http11.Http11NioProtocol - Initializing ProtocolHandler ["http-nio-8002"]
14:11:40.945 [restartedMain] INFO  org.apache.catalina.core.StandardService - Starting service [Tomcat]
14:11:40.946 [restartedMain] INFO  org.apache.catalina.core.StandardEngine - Starting Servlet Engine: Apache Tomcat/9.0.13
14:11:40.974 [restartedMain] INFO  org.apache.catalina.core.AprLifecycleListener - The APR based Apache Tomcat Native library which allows optimal performance in production environments was not found on the java.library.path: [C:\Program Files\Java\jdk1.8.0_171\bin;C:\WINDOWS\Sun\Java\bin;C:\WINDOWS\system32;C:\WINDOWS;D:\app\xyc\product\11.2.0\dbhome_1\bin;C:\Program Files (x86)\Common Files\Oracle\Java\javapath;C:\ProgramData\Oracle\Java\javapath;C:\Program Files (x86)\Intel\iCLS Client\;C:\Program Files\Intel\iCLS Client\;C:\WINDOWS\system32;C:\WINDOWS;C:\WINDOWS\System32\Wbem;C:\WINDOWS\System32\WindowsPowerShell\v1.0\;C:\Program Files\Intel\Intel(R) Management Engine Components\DAL;C:\Program Files (x86)\Intel\Intel(R) Management Engine Components\DAL;C:\Program Files\Intel\Intel(R) Management Engine Components\IPT;C:\Program Files (x86)\Intel\Intel(R) Management Engine Components\IPT;C:\Program Files (x86)\ATI Technologies\ATI.ACE\Core-Static;C:\Program Files\Java\jdk1.8.0_171\bin;C:\Program Files\Java\jdk1.8.0_171\jre\bin;D:\Program Files\Java\bin;C:\Program Files (x86)\Windows Live\Shared;C:\Program Files (x86)\AMD\ATI.ACE\Core-Static;F:\SQL Server\SQL Server1\100\Tools\Binn\;F:\SQL Server\100\Tools\Binn\;F:\SQL Server\100\DTS\Binn\;F:\SQL Server\SQL Server1\100\Tools\Binn\VSShell\Common7\IDE\;c:\Program Files (x86)\Microsoft Visual Studio 9.0\Common7\IDE\PrivateAssemblies\;F:\SQL Server\SQL Server1\100\DTS\Binn\;%SY;TEMROOT%\System32\OpenSSH\;F:\cBay\git\bin;F:\cBay\git\Git\cmd;F:\cBay\idea\maven\apache-maven-3.5.4\bin;F:\cBay\node\;F:\cBay\SVN\bin;F:\cBay\wkhtmltopdf\bin;C:\Program Files\Calibre2\;F:\大三\大三下\Python\Scripts\;F:\大三\大三下\Python\;C:\Users\xyc\AppData\Local\Microsoft\WindowsApps;F:\大三\大三上\JS\Vs\Microsoft VS Code\bin;C:\Users\xyc\AppData\Roaming\npm;.]
14:11:41.366 [restartedMain] INFO  org.apache.catalina.core.ContainerBase.[Tomcat].[localhost].[/] - Initializing Spring embedded WebApplicationContext
14:11:43.576 [restartedMain] WARN  o.s.b.a.t.ThymeleafAutoConfiguration$DefaultTemplateResolverConfiguration - Cannot find template location: classpath:/templates/ (please add some templates or check your Thymeleaf configuration)
14:11:44.195 [restartedMain] INFO  org.apache.coyote.http11.Http11NioProtocol - Starting ProtocolHandler ["http-nio-8002"]
14:11:44.224 [restartedMain] INFO  org.apache.tomcat.util.net.NioSelectorPool - Using a shared selector for servlet write/read
14:11:44.271 [restartedMain] INFO  com.neusoft.HealthApplication - Started HealthApplication in 11.43 seconds (JVM running for 13.947)
14:11:48.185 [http-nio-8002-exec-2] INFO  org.apache.catalina.core.ContainerBase.[Tomcat].[localhost].[/] - Initializing Spring DispatcherServlet 'dispatcherServlet'
14:11:48.477 [http-nio-8002-exec-2] INFO  com.zaxxer.hikari.HikariDataSource - HikariPool-1 - Starting...
14:11:48.938 [http-nio-8002-exec-2] INFO  com.zaxxer.hikari.HikariDataSource - HikariPool-1 - Start completed.
14:26:12.374 [restartedMain] INFO  com.neusoft.HealthApplication - Starting HealthApplication on Umbrella with PID 12932 (F:\NEUSOFT\health\target\classes started by xyc in F:\NEUSOFT\health)
14:26:12.382 [restartedMain] INFO  com.neusoft.HealthApplication - The following profiles are active: dev
14:26:20.127 [restartedMain] INFO  org.apache.coyote.http11.Http11NioProtocol - Initializing ProtocolHandler ["http-nio-8002"]
14:26:20.167 [restartedMain] INFO  org.apache.catalina.core.StandardService - Starting service [Tomcat]
14:26:20.167 [restartedMain] INFO  org.apache.catalina.core.StandardEngine - Starting Servlet Engine: Apache Tomcat/9.0.13
14:26:20.190 [restartedMain] INFO  org.apache.catalina.core.AprLifecycleListener - The APR based Apache Tomcat Native library which allows optimal performance in production environments was not found on the java.library.path: [C:\Program Files\Java\jdk1.8.0_171\bin;C:\WINDOWS\Sun\Java\bin;C:\WINDOWS\system32;C:\WINDOWS;D:\app\xyc\product\11.2.0\dbhome_1\bin;C:\Program Files (x86)\Common Files\Oracle\Java\javapath;C:\ProgramData\Oracle\Java\javapath;C:\Program Files (x86)\Intel\iCLS Client\;C:\Program Files\Intel\iCLS Client\;C:\WINDOWS\system32;C:\WINDOWS;C:\WINDOWS\System32\Wbem;C:\WINDOWS\System32\WindowsPowerShell\v1.0\;C:\Program Files\Intel\Intel(R) Management Engine Components\DAL;C:\Program Files (x86)\Intel\Intel(R) Management Engine Components\DAL;C:\Program Files\Intel\Intel(R) Management Engine Components\IPT;C:\Program Files (x86)\Intel\Intel(R) Management Engine Components\IPT;C:\Program Files (x86)\ATI Technologies\ATI.ACE\Core-Static;C:\Program Files\Java\jdk1.8.0_171\bin;C:\Program Files\Java\jdk1.8.0_171\jre\bin;D:\Program Files\Java\bin;C:\Program Files (x86)\Windows Live\Shared;C:\Program Files (x86)\AMD\ATI.ACE\Core-Static;F:\SQL Server\SQL Server1\100\Tools\Binn\;F:\SQL Server\100\Tools\Binn\;F:\SQL Server\100\DTS\Binn\;F:\SQL Server\SQL Server1\100\Tools\Binn\VSShell\Common7\IDE\;c:\Program Files (x86)\Microsoft Visual Studio 9.0\Common7\IDE\PrivateAssemblies\;F:\SQL Server\SQL Server1\100\DTS\Binn\;%SY;TEMROOT%\System32\OpenSSH\;F:\cBay\git\bin;F:\cBay\git\Git\cmd;F:\cBay\idea\maven\apache-maven-3.5.4\bin;F:\cBay\node\;F:\cBay\SVN\bin;F:\cBay\wkhtmltopdf\bin;C:\Program Files\Calibre2\;F:\大三\大三下\Python\Scripts\;F:\大三\大三下\Python\;C:\Users\xyc\AppData\Local\Microsoft\WindowsApps;F:\大三\大三上\JS\Vs\Microsoft VS Code\bin;C:\Users\xyc\AppData\Roaming\npm;.]
14:26:20.577 [restartedMain] INFO  org.apache.catalina.core.ContainerBase.[Tomcat].[localhost].[/] - Initializing Spring embedded WebApplicationContext
14:26:22.373 [restartedMain] WARN  o.s.b.a.t.ThymeleafAutoConfiguration$DefaultTemplateResolverConfiguration - Cannot find template location: classpath:/templates/ (please add some templates or check your Thymeleaf configuration)
14:26:22.959 [restartedMain] INFO  org.apache.coyote.http11.Http11NioProtocol - Starting ProtocolHandler ["http-nio-8002"]
14:26:22.985 [restartedMain] INFO  org.apache.tomcat.util.net.NioSelectorPool - Using a shared selector for servlet write/read
14:26:23.036 [restartedMain] INFO  com.neusoft.HealthApplication - Started HealthApplication in 12.107 seconds (JVM running for 14.467)
14:26:27.200 [http-nio-8002-exec-1] INFO  org.apache.catalina.core.ContainerBase.[Tomcat].[localhost].[/] - Initializing Spring DispatcherServlet 'dispatcherServlet'
14:26:27.588 [http-nio-8002-exec-1] INFO  com.zaxxer.hikari.HikariDataSource - HikariPool-1 - Starting...
14:26:27.911 [http-nio-8002-exec-1] INFO  com.zaxxer.hikari.HikariDataSource - HikariPool-1 - Start completed.
14:37:48.530 [http-nio-8002-exec-5] WARN  org.springframework.web.servlet.mvc.support.DefaultHandlerExceptionResolver - Resolved [org.springframework.http.converter.HttpMessageNotReadableException: Required request body is missing: public com.neusoft.entity.Result com.neusoft.controller.HealthyArticleController.collectionArticles(com.neusoft.entity.CollectionArticle)]
16:53:22.795 [Thread-6] INFO  com.zaxxer.hikari.HikariDataSource - HikariPool-1 - Shutdown initiated...
16:53:22.810 [Thread-6] INFO  com.zaxxer.hikari.HikariDataSource - HikariPool-1 - Shutdown completed.
16:53:24.424 [restartedMain] INFO  com.neusoft.HealthApplication - Starting HealthApplication on Umbrella with PID 12932 (F:\NEUSOFT\health\target\classes started by xyc in F:\NEUSOFT\health)
16:53:24.425 [restartedMain] INFO  com.neusoft.HealthApplication - The following profiles are active: dev
16:53:27.408 [restartedMain] INFO  org.apache.coyote.http11.Http11NioProtocol - Initializing ProtocolHandler ["http-nio-8002"]
16:53:27.421 [restartedMain] INFO  org.apache.catalina.core.StandardService - Starting service [Tomcat]
16:53:27.422 [restartedMain] INFO  org.apache.catalina.core.StandardEngine - Starting Servlet Engine: Apache Tomcat/9.0.13
16:53:27.656 [restartedMain] INFO  org.apache.catalina.core.ContainerBase.[Tomcat].[localhost].[/] - Initializing Spring embedded WebApplicationContext
16:53:27.820 [restartedMain] WARN  o.s.boot.web.servlet.context.AnnotationConfigServletWebServerApplicationContext - Exception encountered during context initialization - cancelling refresh attempt: org.springframework.beans.factory.BeanCreationException: Error creating bean with name 'doctorController': Lookup method resolution failed; nested exception is java.lang.IllegalStateException: Failed to introspect Class [com.neusoft.controller.DoctorController] from ClassLoader [org.springframework.boot.devtools.restart.classloader.RestartClassLoader@18adaaa6]
16:53:27.821 [restartedMain] INFO  org.apache.catalina.core.StandardService - Stopping service [Tomcat]
16:53:27.871 [restartedMain] ERROR org.springframework.boot.SpringApplication - Application run failed
org.springframework.beans.factory.BeanCreationException: Error creating bean with name 'doctorController': Lookup method resolution failed; nested exception is java.lang.IllegalStateException: Failed to introspect Class [com.neusoft.controller.DoctorController] from ClassLoader [org.springframework.boot.devtools.restart.classloader.RestartClassLoader@18adaaa6]
	at org.springframework.beans.factory.annotation.AutowiredAnnotationBeanPostProcessor.determineCandidateConstructors(AutowiredAnnotationBeanPostProcessor.java:265)
	at org.springframework.beans.factory.support.AbstractAutowireCapableBeanFactory.determineConstructorsFromBeanPostProcessors(AbstractAutowireCapableBeanFactory.java:1236)
	at org.springframework.beans.factory.support.AbstractAutowireCapableBeanFactory.createBeanInstance(AbstractAutowireCapableBeanFactory.java:1151)
	at org.springframework.beans.factory.support.AbstractAutowireCapableBeanFactory.doCreateBean(AbstractAutowireCapableBeanFactory.java:538)
	at org.springframework.beans.factory.support.AbstractAutowireCapableBeanFactory.createBean(AbstractAutowireCapableBeanFactory.java:498)
	at org.springframework.beans.factory.support.AbstractBeanFactory.lambda$doGetBean$0(AbstractBeanFactory.java:320)
	at org.springframework.beans.factory.support.DefaultSingletonBeanRegistry.getSingleton(DefaultSingletonBeanRegistry.java:222)
	at org.springframework.beans.factory.support.AbstractBeanFactory.doGetBean(AbstractBeanFactory.java:318)
	at org.springframework.beans.factory.support.AbstractBeanFactory.getBean(AbstractBeanFactory.java:199)
	at org.springframework.beans.factory.support.DefaultListableBeanFactory.preInstantiateSingletons(DefaultListableBeanFactory.java:846)
	at org.springframework.context.support.AbstractApplicationContext.finishBeanFactoryInitialization(AbstractApplicationContext.java:863)
	at org.springframework.context.support.AbstractApplicationContext.refresh(AbstractApplicationContext.java:546)
	at org.springframework.boot.web.servlet.context.ServletWebServerApplicationContext.refresh(ServletWebServerApplicationContext.java:142)
	at org.springframework.boot.SpringApplication.refresh(SpringApplication.java:775)
	at org.springframework.boot.SpringApplication.refreshContext(SpringApplication.java:397)
	at org.springframework.boot.SpringApplication.run(SpringApplication.java:316)
	at org.springframework.boot.SpringApplication.run(SpringApplication.java:1260)
	at org.springframework.boot.SpringApplication.run(SpringApplication.java:1248)
	at com.neusoft.HealthApplication.main(HealthApplication.java:17)
	at sun.reflect.NativeMethodAccessorImpl.invoke0(Native Method)
	at sun.reflect.NativeMethodAccessorImpl.invoke(NativeMethodAccessorImpl.java:62)
	at sun.reflect.DelegatingMethodAccessorImpl.invoke(DelegatingMethodAccessorImpl.java:43)
	at java.lang.reflect.Method.invoke(Method.java:498)
	at org.springframework.boot.devtools.restart.RestartLauncher.run(RestartLauncher.java:49)
Caused by: java.lang.IllegalStateException: Failed to introspect Class [com.neusoft.controller.DoctorController] from ClassLoader [org.springframework.boot.devtools.restart.classloader.RestartClassLoader@18adaaa6]
	at org.springframework.util.ReflectionUtils.getDeclaredMethods(ReflectionUtils.java:686)
	at org.springframework.util.ReflectionUtils.doWithMethods(ReflectionUtils.java:583)
	at org.springframework.util.ReflectionUtils.doWithMethods(ReflectionUtils.java:568)
	at org.springframework.beans.factory.annotation.AutowiredAnnotationBeanPostProcessor.determineCandidateConstructors(AutowiredAnnotationBeanPostProcessor.java:248)
	... 23 common frames omitted
Caused by: java.lang.NoClassDefFoundError: com/neusoft/entity/Result
	at java.lang.Class.getDeclaredMethods0(Native Method)
	at java.lang.Class.privateGetDeclaredMethods(Class.java:2701)
	at java.lang.Class.getDeclaredMethods(Class.java:1975)
	at org.springframework.util.ReflectionUtils.getDeclaredMethods(ReflectionUtils.java:668)
	... 26 common frames omitted
Caused by: java.lang.ClassNotFoundException: com.neusoft.entity.Result
	at java.net.URLClassLoader.findClass(URLClassLoader.java:381)
	at java.lang.ClassLoader.loadClass(ClassLoader.java:424)
	at sun.misc.Launcher$AppClassLoader.loadClass(Launcher.java:349)
	at java.lang.ClassLoader.loadClass(ClassLoader.java:357)
	at org.springframework.boot.devtools.restart.classloader.RestartClassLoader.loadClass(RestartClassLoader.java:148)
	at java.lang.ClassLoader.loadClass(ClassLoader.java:357)
	... 30 common frames omitted
16:53:36.462 [restartedMain] INFO  com.neusoft.HealthApplication - Starting HealthApplication on Umbrella with PID 12932 (F:\NEUSOFT\health\target\classes started by xyc in F:\NEUSOFT\health)
16:53:36.462 [restartedMain] INFO  com.neusoft.HealthApplication - The following profiles are active: dev
16:53:37.727 [restartedMain] INFO  org.apache.coyote.http11.Http11NioProtocol - Initializing ProtocolHandler ["http-nio-8002"]
16:53:37.730 [restartedMain] INFO  org.apache.catalina.core.StandardService - Starting service [Tomcat]
16:53:37.731 [restartedMain] INFO  org.apache.catalina.core.StandardEngine - Starting Servlet Engine: Apache Tomcat/9.0.13
16:53:37.847 [restartedMain] INFO  org.apache.catalina.core.ContainerBase.[Tomcat-1].[localhost].[/] - Initializing Spring embedded WebApplicationContext
16:53:38.870 [restartedMain] WARN  o.s.b.a.t.ThymeleafAutoConfiguration$DefaultTemplateResolverConfiguration - Cannot find template location: classpath:/templates/ (please add some templates or check your Thymeleaf configuration)
16:53:39.113 [restartedMain] INFO  org.apache.coyote.http11.Http11NioProtocol - Starting ProtocolHandler ["http-nio-8002"]
16:53:39.118 [restartedMain] INFO  org.apache.tomcat.util.net.NioSelectorPool - Using a shared selector for servlet write/read
16:53:39.131 [restartedMain] INFO  com.neusoft.HealthApplication - Started HealthApplication in 2.74 seconds (JVM running for 8850.563)
16:53:44.325 [main] INFO  org.springframework.boot.test.context.SpringBootTestContextBootstrapper - Neither @ContextConfiguration nor @ContextHierarchy found for test class [com.neusoft.health.HealthApplicationTests], using SpringBootContextLoader
16:53:44.338 [main] INFO  org.springframework.test.context.support.AbstractContextLoader - Could not detect default resource locations for test class [com.neusoft.health.HealthApplicationTests]: no resource found for suffixes {-context.xml, Context.groovy}.
16:53:44.340 [main] INFO  org.springframework.test.context.support.AnnotationConfigContextLoaderUtils - Could not detect default configuration classes for test class [com.neusoft.health.HealthApplicationTests]: HealthApplicationTests does not declare any static, non-private, non-final, nested classes annotated with @Configuration.
16:53:44.614 [main] INFO  org.springframework.boot.test.context.SpringBootTestContextBootstrapper - Found @SpringBootConfiguration com.neusoft.HealthApplication for test class com.neusoft.health.HealthApplicationTests
16:53:44.775 [main] INFO  org.springframework.boot.test.context.SpringBootTestContextBootstrapper - Loaded default TestExecutionListener class names from location [META-INF/spring.factories]: [org.springframework.boot.test.mock.mockito.MockitoTestExecutionListener, org.springframework.boot.test.mock.mockito.ResetMocksTestExecutionListener, org.springframework.boot.test.autoconfigure.restdocs.RestDocsTestExecutionListener, org.springframework.boot.test.autoconfigure.web.client.MockRestServiceServerResetTestExecutionListener, org.springframework.boot.test.autoconfigure.web.servlet.MockMvcPrintOnlyOnFailureTestExecutionListener, org.springframework.boot.test.autoconfigure.web.servlet.WebDriverTestExecutionListener, org.springframework.test.context.web.ServletTestExecutionListener, org.springframework.test.context.support.DirtiesContextBeforeModesTestExecutionListener, org.springframework.test.context.support.DependencyInjectionTestExecutionListener, org.springframework.test.context.support.DirtiesContextTestExecutionListener, org.springframework.test.context.transaction.TransactionalTestExecutionListener, org.springframework.test.context.jdbc.SqlScriptsTestExecutionListener]
16:53:44.833 [main] INFO  org.springframework.boot.test.context.SpringBootTestContextBootstrapper - Using TestExecutionListeners: [org.springframework.test.context.web.ServletTestExecutionListener@6e0f5f7f, org.springframework.test.context.support.DirtiesContextBeforeModesTestExecutionListener@2805d709, org.springframework.boot.test.mock.mockito.MockitoTestExecutionListener@3ee37e5a, org.springframework.boot.test.autoconfigure.SpringBootDependencyInjectionTestExecutionListener@2ea41516, org.springframework.test.context.support.DirtiesContextTestExecutionListener@3a44431a, org.springframework.test.context.transaction.TransactionalTestExecutionListener@3c7f66c4, org.springframework.test.context.jdbc.SqlScriptsTestExecutionListener@194bcebf, org.springframework.boot.test.mock.mockito.ResetMocksTestExecutionListener@17497425, org.springframework.boot.test.autoconfigure.restdocs.RestDocsTestExecutionListener@f0da945, org.springframework.boot.test.autoconfigure.web.client.MockRestServiceServerResetTestExecutionListener@4803b726, org.springframework.boot.test.autoconfigure.web.servlet.MockMvcPrintOnlyOnFailureTestExecutionListener@ffaa6af, org.springframework.boot.test.autoconfigure.web.servlet.WebDriverTestExecutionListener@53ce1329]
16:53:45.622 [main] INFO  com.neusoft.health.HealthApplicationTests - Starting HealthApplicationTests on Umbrella with PID 10980 (started by xyc in F:\NEUSOFT\health)
16:53:45.627 [main] INFO  com.neusoft.health.HealthApplicationTests - The following profiles are active: dev
16:53:51.125 [main] WARN  o.s.b.a.t.ThymeleafAutoConfiguration$DefaultTemplateResolverConfiguration - Cannot find template location: classpath:/templates/ (please add some templates or check your Thymeleaf configuration)
16:53:51.826 [main] INFO  com.neusoft.health.HealthApplicationTests - Started HealthApplicationTests in 6.896 seconds (JVM running for 10.183)
17:06:13.522 [restartedMain] INFO  com.neusoft.HealthApplication - Starting HealthApplication on Umbrella with PID 17208 (F:\NEUSOFT\health\target\classes started by xyc in F:\NEUSOFT\health)
17:06:13.555 [restartedMain] INFO  com.neusoft.HealthApplication - The following profiles are active: dev
17:06:22.222 [restartedMain] INFO  org.apache.coyote.http11.Http11NioProtocol - Initializing ProtocolHandler ["http-nio-8002"]
17:06:22.254 [restartedMain] INFO  org.apache.catalina.core.StandardService - Starting service [Tomcat]
17:06:22.255 [restartedMain] INFO  org.apache.catalina.core.StandardEngine - Starting Servlet Engine: Apache Tomcat/9.0.13
17:06:22.273 [restartedMain] INFO  org.apache.catalina.core.AprLifecycleListener - The APR based Apache Tomcat Native library which allows optimal performance in production environments was not found on the java.library.path: [C:\Program Files\Java\jdk1.8.0_171\bin;C:\WINDOWS\Sun\Java\bin;C:\WINDOWS\system32;C:\WINDOWS;D:\app\xyc\product\11.2.0\dbhome_1\bin;C:\Program Files (x86)\Common Files\Oracle\Java\javapath;C:\ProgramData\Oracle\Java\javapath;C:\Program Files (x86)\Intel\iCLS Client\;C:\Program Files\Intel\iCLS Client\;C:\WINDOWS\system32;C:\WINDOWS;C:\WINDOWS\System32\Wbem;C:\WINDOWS\System32\WindowsPowerShell\v1.0\;C:\Program Files\Intel\Intel(R) Management Engine Components\DAL;C:\Program Files (x86)\Intel\Intel(R) Management Engine Components\DAL;C:\Program Files\Intel\Intel(R) Management Engine Components\IPT;C:\Program Files (x86)\Intel\Intel(R) Management Engine Components\IPT;C:\Program Files (x86)\ATI Technologies\ATI.ACE\Core-Static;C:\Program Files\Java\jdk1.8.0_171\bin;C:\Program Files\Java\jdk1.8.0_171\jre\bin;D:\Program Files\Java\bin;C:\Program Files (x86)\Windows Live\Shared;C:\Program Files (x86)\AMD\ATI.ACE\Core-Static;F:\SQL Server\SQL Server1\100\Tools\Binn\;F:\SQL Server\100\Tools\Binn\;F:\SQL Server\100\DTS\Binn\;F:\SQL Server\SQL Server1\100\Tools\Binn\VSShell\Common7\IDE\;c:\Program Files (x86)\Microsoft Visual Studio 9.0\Common7\IDE\PrivateAssemblies\;F:\SQL Server\SQL Server1\100\DTS\Binn\;%SY;TEMROOT%\System32\OpenSSH\;F:\cBay\git\bin;F:\cBay\git\Git\cmd;F:\cBay\idea\maven\apache-maven-3.5.4\bin;F:\cBay\node\;F:\cBay\SVN\bin;F:\cBay\wkhtmltopdf\bin;C:\Program Files\Calibre2\;F:\大三\大三下\Python\Scripts\;F:\大三\大三下\Python\;C:\Users\xyc\AppData\Local\Microsoft\WindowsApps;F:\大三\大三上\JS\Vs\Microsoft VS Code\bin;C:\Users\xyc\AppData\Roaming\npm;.]
17:06:22.615 [restartedMain] INFO  org.apache.catalina.core.ContainerBase.[Tomcat].[localhost].[/] - Initializing Spring embedded WebApplicationContext
17:06:24.457 [restartedMain] WARN  o.s.b.a.t.ThymeleafAutoConfiguration$DefaultTemplateResolverConfiguration - Cannot find template location: classpath:/templates/ (please add some templates or check your Thymeleaf configuration)
17:06:25.177 [restartedMain] INFO  org.apache.coyote.http11.Http11NioProtocol - Starting ProtocolHandler ["http-nio-8002"]
17:06:25.204 [restartedMain] INFO  org.apache.tomcat.util.net.NioSelectorPool - Using a shared selector for servlet write/read
17:06:25.260 [restartedMain] INFO  com.neusoft.HealthApplication - Started HealthApplication in 14.113 seconds (JVM running for 16.692)
17:06:35.632 [http-nio-8002-exec-1] INFO  org.apache.catalina.core.ContainerBase.[Tomcat].[localhost].[/] - Initializing Spring DispatcherServlet 'dispatcherServlet'
17:06:35.903 [http-nio-8002-exec-1] INFO  com.zaxxer.hikari.HikariDataSource - HikariPool-1 - Starting...
17:06:36.218 [http-nio-8002-exec-1] INFO  com.zaxxer.hikari.HikariDataSource - HikariPool-1 - Start completed.
17:22:02.830 [restartedMain] INFO  com.neusoft.HealthApplication - Starting HealthApplication on Umbrella with PID 16012 (F:\NEUSOFT\health\target\classes started by xyc in F:\NEUSOFT\health)
17:22:02.841 [restartedMain] INFO  com.neusoft.HealthApplication - The following profiles are active: dev
17:22:08.712 [restartedMain] INFO  org.apache.coyote.http11.Http11NioProtocol - Initializing ProtocolHandler ["http-nio-8002"]
17:22:08.745 [restartedMain] INFO  org.apache.catalina.core.StandardService - Starting service [Tomcat]
17:22:08.745 [restartedMain] INFO  org.apache.catalina.core.StandardEngine - Starting Servlet Engine: Apache Tomcat/9.0.13
17:22:08.766 [restartedMain] INFO  org.apache.catalina.core.AprLifecycleListener - The APR based Apache Tomcat Native library which allows optimal performance in production environments was not found on the java.library.path: [C:\Program Files\Java\jdk1.8.0_171\bin;C:\WINDOWS\Sun\Java\bin;C:\WINDOWS\system32;C:\WINDOWS;D:\app\xyc\product\11.2.0\dbhome_1\bin;C:\Program Files (x86)\Common Files\Oracle\Java\javapath;C:\ProgramData\Oracle\Java\javapath;C:\Program Files (x86)\Intel\iCLS Client\;C:\Program Files\Intel\iCLS Client\;C:\WINDOWS\system32;C:\WINDOWS;C:\WINDOWS\System32\Wbem;C:\WINDOWS\System32\WindowsPowerShell\v1.0\;C:\Program Files\Intel\Intel(R) Management Engine Components\DAL;C:\Program Files (x86)\Intel\Intel(R) Management Engine Components\DAL;C:\Program Files\Intel\Intel(R) Management Engine Components\IPT;C:\Program Files (x86)\Intel\Intel(R) Management Engine Components\IPT;C:\Program Files (x86)\ATI Technologies\ATI.ACE\Core-Static;C:\Program Files\Java\jdk1.8.0_171\bin;C:\Program Files\Java\jdk1.8.0_171\jre\bin;D:\Program Files\Java\bin;C:\Program Files (x86)\Windows Live\Shared;C:\Program Files (x86)\AMD\ATI.ACE\Core-Static;F:\SQL Server\SQL Server1\100\Tools\Binn\;F:\SQL Server\100\Tools\Binn\;F:\SQL Server\100\DTS\Binn\;F:\SQL Server\SQL Server1\100\Tools\Binn\VSShell\Common7\IDE\;c:\Program Files (x86)\Microsoft Visual Studio 9.0\Common7\IDE\PrivateAssemblies\;F:\SQL Server\SQL Server1\100\DTS\Binn\;%SY;TEMROOT%\System32\OpenSSH\;F:\cBay\git\bin;F:\cBay\git\Git\cmd;F:\cBay\idea\maven\apache-maven-3.5.4\bin;F:\cBay\node\;F:\cBay\SVN\bin;F:\cBay\wkhtmltopdf\bin;C:\Program Files\Calibre2\;F:\大三\大三下\Python\Scripts\;F:\大三\大三下\Python\;C:\Users\xyc\AppData\Local\Microsoft\WindowsApps;F:\大三\大三上\JS\Vs\Microsoft VS Code\bin;C:\Users\xyc\AppData\Roaming\npm;.]
17:22:09.133 [restartedMain] INFO  org.apache.catalina.core.ContainerBase.[Tomcat].[localhost].[/] - Initializing Spring embedded WebApplicationContext
17:22:10.912 [restartedMain] WARN  o.s.b.a.t.ThymeleafAutoConfiguration$DefaultTemplateResolverConfiguration - Cannot find template location: classpath:/templates/ (please add some templates or check your Thymeleaf configuration)
17:22:11.542 [restartedMain] INFO  org.apache.coyote.http11.Http11NioProtocol - Starting ProtocolHandler ["http-nio-8002"]
17:22:11.566 [restartedMain] INFO  org.apache.tomcat.util.net.NioSelectorPool - Using a shared selector for servlet write/read
17:22:11.613 [restartedMain] INFO  com.neusoft.HealthApplication - Started HealthApplication in 10.59 seconds (JVM running for 13.727)
17:22:47.715 [http-nio-8002-exec-1] INFO  org.apache.catalina.core.ContainerBase.[Tomcat].[localhost].[/] - Initializing Spring DispatcherServlet 'dispatcherServlet'
17:23:54.061 [http-nio-8002-exec-4] INFO  com.zaxxer.hikari.HikariDataSource - HikariPool-1 - Starting...
17:23:54.276 [http-nio-8002-exec-4] INFO  com.zaxxer.hikari.HikariDataSource - HikariPool-1 - Start completed.
17:23:54.459 [http-nio-8002-exec-4] ERROR o.a.catalina.core.ContainerBase.[Tomcat].[localhost].[/].[dispatcherServlet] - Servlet.service() for servlet [dispatcherServlet] in context with path [] threw exception [Request processing failed; nested exception is org.springframework.jdbc.BadSqlGrammarException: 
### Error querying database.  Cause: java.sql.SQLSyntaxErrorException: Unknown column 'c.questin_id' in 'on clause'
### The error may exist in file [F:\NEUSOFT\health\target\classes\mapper\QuestionMapper.xml]
### The error may involve defaultParameterMap
### The error occurred while setting parameters
### SQL: SELECT count(0) FROM answer_question a LEFT JOIN doctor b ON b.doctor_id = a.doctor_id LEFT JOIN question c ON c.questin_id = a.question_id LEFT JOIN user d ON c.user_id = d.user_id WHERE a.question_id = ?
### Cause: java.sql.SQLSyntaxErrorException: Unknown column 'c.questin_id' in 'on clause'
; bad SQL grammar []; nested exception is java.sql.SQLSyntaxErrorException: Unknown column 'c.questin_id' in 'on clause'] with root cause
java.sql.SQLSyntaxErrorException: Unknown column 'c.questin_id' in 'on clause'
	at com.mysql.cj.jdbc.exceptions.SQLError.createSQLException(SQLError.java:120)
	at com.mysql.cj.jdbc.exceptions.SQLError.createSQLException(SQLError.java:97)
	at com.mysql.cj.jdbc.exceptions.SQLExceptionsMapping.translateException(SQLExceptionsMapping.java:122)
	at com.mysql.cj.jdbc.ClientPreparedStatement.executeInternal(ClientPreparedStatement.java:974)
	at com.mysql.cj.jdbc.ClientPreparedStatement.execute(ClientPreparedStatement.java:391)
	at com.zaxxer.hikari.pool.ProxyPreparedStatement.execute(ProxyPreparedStatement.java:44)
	at com.zaxxer.hikari.pool.HikariProxyPreparedStatement.execute(HikariProxyPreparedStatement.java)
	at org.apache.ibatis.executor.statement.PreparedStatementHandler.query(PreparedStatementHandler.java:63)
	at org.apache.ibatis.executor.statement.RoutingStatementHandler.query(RoutingStatementHandler.java:79)
	at org.apache.ibatis.executor.SimpleExecutor.doQuery(SimpleExecutor.java:63)
	at org.apache.ibatis.executor.BaseExecutor.queryFromDatabase(BaseExecutor.java:324)
	at org.apache.ibatis.executor.BaseExecutor.query(BaseExecutor.java:156)
	at org.apache.ibatis.executor.CachingExecutor.query(CachingExecutor.java:109)
	at com.github.pagehelper.PageInterceptor.executeAutoCount(PageInterceptor.java:201)
	at com.github.pagehelper.PageInterceptor.intercept(PageInterceptor.java:113)
	at org.apache.ibatis.plugin.Plugin.invoke(Plugin.java:61)
	at com.sun.proxy.$Proxy82.query(Unknown Source)
	at org.apache.ibatis.session.defaults.DefaultSqlSession.selectList(DefaultSqlSession.java:148)
	at org.apache.ibatis.session.defaults.DefaultSqlSession.selectList(DefaultSqlSession.java:141)
	at sun.reflect.NativeMethodAccessorImpl.invoke0(Native Method)
	at sun.reflect.NativeMethodAccessorImpl.invoke(NativeMethodAccessorImpl.java:62)
	at sun.reflect.DelegatingMethodAccessorImpl.invoke(DelegatingMethodAccessorImpl.java:43)
	at java.lang.reflect.Method.invoke(Method.java:498)
	at org.mybatis.spring.SqlSessionTemplate$SqlSessionInterceptor.invoke(SqlSessionTemplate.java:433)
	at com.sun.proxy.$Proxy67.selectList(Unknown Source)
	at org.mybatis.spring.SqlSessionTemplate.selectList(SqlSessionTemplate.java:230)
	at org.apache.ibatis.binding.MapperMethod.executeForMany(MapperMethod.java:137)
	at org.apache.ibatis.binding.MapperMethod.execute(MapperMethod.java:75)
	at org.apache.ibatis.binding.MapperProxy.invoke(MapperProxy.java:59)
	at com.sun.proxy.$Proxy73.selectAnswerQuestionByQuestionId(Unknown Source)
	at com.neusoft.service.QuestionService.selectAnswerQuestionByQuestionId(QuestionService.java:98)
	at com.neusoft.controller.QuestionController.selectAnswerQuestionByQuestionId(QuestionController.java:107)
	at sun.reflect.NativeMethodAccessorImpl.invoke0(Native Method)
	at sun.reflect.NativeMethodAccessorImpl.invoke(NativeMethodAccessorImpl.java:62)
	at sun.reflect.DelegatingMethodAccessorImpl.invoke(DelegatingMethodAccessorImpl.java:43)
	at java.lang.reflect.Method.invoke(Method.java:498)
	at org.springframework.web.method.support.InvocableHandlerMethod.doInvoke(InvocableHandlerMethod.java:189)
	at org.springframework.web.method.support.InvocableHandlerMethod.invokeForRequest(InvocableHandlerMethod.java:138)
	at org.springframework.web.servlet.mvc.method.annotation.ServletInvocableHandlerMethod.invokeAndHandle(ServletInvocableHandlerMethod.java:102)
	at org.springframework.web.servlet.mvc.method.annotation.RequestMappingHandlerAdapter.invokeHandlerMethod(RequestMappingHandlerAdapter.java:895)
	at org.springframework.web.servlet.mvc.method.annotation.RequestMappingHandlerAdapter.handleInternal(RequestMappingHandlerAdapter.java:800)
	at org.springframework.web.servlet.mvc.method.AbstractHandlerMethodAdapter.handle(AbstractHandlerMethodAdapter.java:87)
	at org.springframework.web.servlet.DispatcherServlet.doDispatch(DispatcherServlet.java:1038)
	at org.springframework.web.servlet.DispatcherServlet.doService(DispatcherServlet.java:942)
	at org.springframework.web.servlet.FrameworkServlet.processRequest(FrameworkServlet.java:1005)
	at org.springframework.web.servlet.FrameworkServlet.doPost(FrameworkServlet.java:908)
	at javax.servlet.http.HttpServlet.service(HttpServlet.java:660)
	at org.springframework.web.servlet.FrameworkServlet.service(FrameworkServlet.java:882)
	at javax.servlet.http.HttpServlet.service(HttpServlet.java:741)
	at org.apache.catalina.core.ApplicationFilterChain.internalDoFilter(ApplicationFilterChain.java:231)
	at org.apache.catalina.core.ApplicationFilterChain.doFilter(ApplicationFilterChain.java:166)
	at org.apache.tomcat.websocket.server.WsFilter.doFilter(WsFilter.java:53)
	at org.apache.catalina.core.ApplicationFilterChain.internalDoFilter(ApplicationFilterChain.java:193)
	at org.apache.catalina.core.ApplicationFilterChain.doFilter(ApplicationFilterChain.java:166)
	at org.springframework.web.filter.CorsFilter.doFilterInternal(CorsFilter.java:96)
	at org.springframework.web.filter.OncePerRequestFilter.doFilter(OncePerRequestFilter.java:107)
	at org.apache.catalina.core.ApplicationFilterChain.internalDoFilter(ApplicationFilterChain.java:193)
	at org.apache.catalina.core.ApplicationFilterChain.doFilter(ApplicationFilterChain.java:166)
	at org.springframework.web.filter.RequestContextFilter.doFilterInternal(RequestContextFilter.java:99)
	at org.springframework.web.filter.OncePerRequestFilter.doFilter(OncePerRequestFilter.java:107)
	at org.apache.catalina.core.ApplicationFilterChain.internalDoFilter(ApplicationFilterChain.java:193)
	at org.apache.catalina.core.ApplicationFilterChain.doFilter(ApplicationFilterChain.java:166)
	at org.springframework.web.filter.FormContentFilter.doFilterInternal(FormContentFilter.java:92)
	at org.springframework.web.filter.OncePerRequestFilter.doFilter(OncePerRequestFilter.java:107)
	at org.apache.catalina.core.ApplicationFilterChain.internalDoFilter(ApplicationFilterChain.java:193)
	at org.apache.catalina.core.ApplicationFilterChain.doFilter(ApplicationFilterChain.java:166)
	at org.springframework.web.filter.HiddenHttpMethodFilter.doFilterInternal(HiddenHttpMethodFilter.java:93)
	at org.springframework.web.filter.OncePerRequestFilter.doFilter(OncePerRequestFilter.java:107)
	at org.apache.catalina.core.ApplicationFilterChain.internalDoFilter(ApplicationFilterChain.java:193)
	at org.apache.catalina.core.ApplicationFilterChain.doFilter(ApplicationFilterChain.java:166)
	at org.springframework.web.filter.CharacterEncodingFilter.doFilterInternal(CharacterEncodingFilter.java:200)
	at org.springframework.web.filter.OncePerRequestFilter.doFilter(OncePerRequestFilter.java:107)
	at org.apache.catalina.core.ApplicationFilterChain.internalDoFilter(ApplicationFilterChain.java:193)
	at org.apache.catalina.core.ApplicationFilterChain.doFilter(ApplicationFilterChain.java:166)
	at org.apache.catalina.core.StandardWrapperValve.invoke(StandardWrapperValve.java:199)
	at org.apache.catalina.core.StandardContextValve.invoke(StandardContextValve.java:96)
	at org.apache.catalina.authenticator.AuthenticatorBase.invoke(AuthenticatorBase.java:490)
	at org.apache.catalina.core.StandardHostValve.invoke(StandardHostValve.java:139)
	at org.apache.catalina.valves.ErrorReportValve.invoke(ErrorReportValve.java:92)
	at org.apache.catalina.core.StandardEngineValve.invoke(StandardEngineValve.java:74)
	at org.apache.catalina.connector.CoyoteAdapter.service(CoyoteAdapter.java:343)
	at org.apache.coyote.http11.Http11Processor.service(Http11Processor.java:408)
	at org.apache.coyote.AbstractProcessorLight.process(AbstractProcessorLight.java:66)
	at org.apache.coyote.AbstractProtocol$ConnectionHandler.process(AbstractProtocol.java:791)
	at org.apache.tomcat.util.net.NioEndpoint$SocketProcessor.doRun(NioEndpoint.java:1417)
	at org.apache.tomcat.util.net.SocketProcessorBase.run(SocketProcessorBase.java:49)
	at java.util.concurrent.ThreadPoolExecutor.runWorker(ThreadPoolExecutor.java:1149)
	at java.util.concurrent.ThreadPoolExecutor$Worker.run(ThreadPoolExecutor.java:624)
	at org.apache.tomcat.util.threads.TaskThread$WrappingRunnable.run(TaskThread.java:61)
	at java.lang.Thread.run(Thread.java:748)
17:24:36.354 [restartedMain] INFO  com.neusoft.HealthApplication - Starting HealthApplication on Umbrella with PID 15364 (F:\NEUSOFT\health\target\classes started by xyc in F:\NEUSOFT\health)
17:24:36.362 [restartedMain] INFO  com.neusoft.HealthApplication - The following profiles are active: dev
17:24:43.002 [restartedMain] INFO  org.apache.coyote.http11.Http11NioProtocol - Initializing ProtocolHandler ["http-nio-8002"]
17:24:43.033 [restartedMain] INFO  org.apache.catalina.core.StandardService - Starting service [Tomcat]
17:24:43.034 [restartedMain] INFO  org.apache.catalina.core.StandardEngine - Starting Servlet Engine: Apache Tomcat/9.0.13
17:24:43.057 [restartedMain] INFO  org.apache.catalina.core.AprLifecycleListener - The APR based Apache Tomcat Native library which allows optimal performance in production environments was not found on the java.library.path: [C:\Program Files\Java\jdk1.8.0_171\bin;C:\WINDOWS\Sun\Java\bin;C:\WINDOWS\system32;C:\WINDOWS;D:\app\xyc\product\11.2.0\dbhome_1\bin;C:\Program Files (x86)\Common Files\Oracle\Java\javapath;C:\ProgramData\Oracle\Java\javapath;C:\Program Files (x86)\Intel\iCLS Client\;C:\Program Files\Intel\iCLS Client\;C:\WINDOWS\system32;C:\WINDOWS;C:\WINDOWS\System32\Wbem;C:\WINDOWS\System32\WindowsPowerShell\v1.0\;C:\Program Files\Intel\Intel(R) Management Engine Components\DAL;C:\Program Files (x86)\Intel\Intel(R) Management Engine Components\DAL;C:\Program Files\Intel\Intel(R) Management Engine Components\IPT;C:\Program Files (x86)\Intel\Intel(R) Management Engine Components\IPT;C:\Program Files (x86)\ATI Technologies\ATI.ACE\Core-Static;C:\Program Files\Java\jdk1.8.0_171\bin;C:\Program Files\Java\jdk1.8.0_171\jre\bin;D:\Program Files\Java\bin;C:\Program Files (x86)\Windows Live\Shared;C:\Program Files (x86)\AMD\ATI.ACE\Core-Static;F:\SQL Server\SQL Server1\100\Tools\Binn\;F:\SQL Server\100\Tools\Binn\;F:\SQL Server\100\DTS\Binn\;F:\SQL Server\SQL Server1\100\Tools\Binn\VSShell\Common7\IDE\;c:\Program Files (x86)\Microsoft Visual Studio 9.0\Common7\IDE\PrivateAssemblies\;F:\SQL Server\SQL Server1\100\DTS\Binn\;%SY;TEMROOT%\System32\OpenSSH\;F:\cBay\git\bin;F:\cBay\git\Git\cmd;F:\cBay\idea\maven\apache-maven-3.5.4\bin;F:\cBay\node\;F:\cBay\SVN\bin;F:\cBay\wkhtmltopdf\bin;C:\Program Files\Calibre2\;F:\大三\大三下\Python\Scripts\;F:\大三\大三下\Python\;C:\Users\xyc\AppData\Local\Microsoft\WindowsApps;F:\大三\大三上\JS\Vs\Microsoft VS Code\bin;C:\Users\xyc\AppData\Roaming\npm;.]
17:24:43.489 [restartedMain] INFO  org.apache.catalina.core.ContainerBase.[Tomcat].[localhost].[/] - Initializing Spring embedded WebApplicationContext
17:24:45.443 [restartedMain] WARN  o.s.b.a.t.ThymeleafAutoConfiguration$DefaultTemplateResolverConfiguration - Cannot find template location: classpath:/templates/ (please add some templates or check your Thymeleaf configuration)
17:24:46.485 [restartedMain] INFO  org.apache.coyote.http11.Http11NioProtocol - Starting ProtocolHandler ["http-nio-8002"]
17:24:46.511 [restartedMain] INFO  org.apache.tomcat.util.net.NioSelectorPool - Using a shared selector for servlet write/read
17:24:46.570 [restartedMain] INFO  com.neusoft.HealthApplication - Started HealthApplication in 11.905 seconds (JVM running for 14.276)
17:24:50.869 [http-nio-8002-exec-9] INFO  org.apache.catalina.core.ContainerBase.[Tomcat].[localhost].[/] - Initializing Spring DispatcherServlet 'dispatcherServlet'
17:24:51.105 [http-nio-8002-exec-9] INFO  com.zaxxer.hikari.HikariDataSource - HikariPool-1 - Starting...
17:24:51.462 [http-nio-8002-exec-9] INFO  com.zaxxer.hikari.HikariDataSource - HikariPool-1 - Start completed.
17:26:19.657 [Thread-6] INFO  com.zaxxer.hikari.HikariDataSource - HikariPool-1 - Shutdown initiated...
17:26:19.673 [Thread-6] INFO  com.zaxxer.hikari.HikariDataSource - HikariPool-1 - Shutdown completed.
17:26:21.089 [restartedMain] INFO  com.neusoft.HealthApplication - Starting HealthApplication on Umbrella with PID 15364 (F:\NEUSOFT\health\target\classes started by xyc in F:\NEUSOFT\health)
17:26:21.090 [restartedMain] INFO  com.neusoft.HealthApplication - The following profiles are active: dev
17:26:22.667 [restartedMain] INFO  org.apache.coyote.http11.Http11NioProtocol - Initializing ProtocolHandler ["http-nio-8002"]
17:26:22.674 [restartedMain] INFO  org.apache.catalina.core.StandardService - Starting service [Tomcat]
17:26:22.676 [restartedMain] INFO  org.apache.catalina.core.StandardEngine - Starting Servlet Engine: Apache Tomcat/9.0.13
17:26:22.757 [restartedMain] INFO  org.apache.catalina.core.ContainerBase.[Tomcat].[localhost].[/] - Initializing Spring embedded WebApplicationContext
17:26:22.801 [restartedMain] WARN  o.s.boot.web.servlet.context.AnnotationConfigServletWebServerApplicationContext - Exception encountered during context initialization - cancelling refresh attempt: org.springframework.beans.factory.BeanCreationException: Error creating bean with name 'doctorController': Lookup method resolution failed; nested exception is java.lang.IllegalStateException: Failed to introspect Class [com.neusoft.controller.DoctorController] from ClassLoader [org.springframework.boot.devtools.restart.classloader.RestartClassLoader@2deba41a]
17:26:22.802 [restartedMain] INFO  org.apache.catalina.core.StandardService - Stopping service [Tomcat]
17:26:22.843 [restartedMain] ERROR org.springframework.boot.SpringApplication - Application run failed
org.springframework.beans.factory.BeanCreationException: Error creating bean with name 'doctorController': Lookup method resolution failed; nested exception is java.lang.IllegalStateException: Failed to introspect Class [com.neusoft.controller.DoctorController] from ClassLoader [org.springframework.boot.devtools.restart.classloader.RestartClassLoader@2deba41a]
	at org.springframework.beans.factory.annotation.AutowiredAnnotationBeanPostProcessor.determineCandidateConstructors(AutowiredAnnotationBeanPostProcessor.java:265)
	at org.springframework.beans.factory.support.AbstractAutowireCapableBeanFactory.determineConstructorsFromBeanPostProcessors(AbstractAutowireCapableBeanFactory.java:1236)
	at org.springframework.beans.factory.support.AbstractAutowireCapableBeanFactory.createBeanInstance(AbstractAutowireCapableBeanFactory.java:1151)
	at org.springframework.beans.factory.support.AbstractAutowireCapableBeanFactory.doCreateBean(AbstractAutowireCapableBeanFactory.java:538)
	at org.springframework.beans.factory.support.AbstractAutowireCapableBeanFactory.createBean(AbstractAutowireCapableBeanFactory.java:498)
	at org.springframework.beans.factory.support.AbstractBeanFactory.lambda$doGetBean$0(AbstractBeanFactory.java:320)
	at org.springframework.beans.factory.support.DefaultSingletonBeanRegistry.getSingleton(DefaultSingletonBeanRegistry.java:222)
	at org.springframework.beans.factory.support.AbstractBeanFactory.doGetBean(AbstractBeanFactory.java:318)
	at org.springframework.beans.factory.support.AbstractBeanFactory.getBean(AbstractBeanFactory.java:199)
	at org.springframework.beans.factory.support.DefaultListableBeanFactory.preInstantiateSingletons(DefaultListableBeanFactory.java:846)
	at org.springframework.context.support.AbstractApplicationContext.finishBeanFactoryInitialization(AbstractApplicationContext.java:863)
	at org.springframework.context.support.AbstractApplicationContext.refresh(AbstractApplicationContext.java:546)
	at org.springframework.boot.web.servlet.context.ServletWebServerApplicationContext.refresh(ServletWebServerApplicationContext.java:142)
	at org.springframework.boot.SpringApplication.refresh(SpringApplication.java:775)
	at org.springframework.boot.SpringApplication.refreshContext(SpringApplication.java:397)
	at org.springframework.boot.SpringApplication.run(SpringApplication.java:316)
	at org.springframework.boot.SpringApplication.run(SpringApplication.java:1260)
	at org.springframework.boot.SpringApplication.run(SpringApplication.java:1248)
	at com.neusoft.HealthApplication.main(HealthApplication.java:17)
	at sun.reflect.NativeMethodAccessorImpl.invoke0(Native Method)
	at sun.reflect.NativeMethodAccessorImpl.invoke(NativeMethodAccessorImpl.java:62)
	at sun.reflect.DelegatingMethodAccessorImpl.invoke(DelegatingMethodAccessorImpl.java:43)
	at java.lang.reflect.Method.invoke(Method.java:498)
	at org.springframework.boot.devtools.restart.RestartLauncher.run(RestartLauncher.java:49)
Caused by: java.lang.IllegalStateException: Failed to introspect Class [com.neusoft.controller.DoctorController] from ClassLoader [org.springframework.boot.devtools.restart.classloader.RestartClassLoader@2deba41a]
	at org.springframework.util.ReflectionUtils.getDeclaredMethods(ReflectionUtils.java:686)
	at org.springframework.util.ReflectionUtils.doWithMethods(ReflectionUtils.java:583)
	at org.springframework.util.ReflectionUtils.doWithMethods(ReflectionUtils.java:568)
	at org.springframework.beans.factory.annotation.AutowiredAnnotationBeanPostProcessor.determineCandidateConstructors(AutowiredAnnotationBeanPostProcessor.java:248)
	... 23 common frames omitted
Caused by: java.lang.NoClassDefFoundError: com/neusoft/entity/Result
	at java.lang.Class.getDeclaredMethods0(Native Method)
	at java.lang.Class.privateGetDeclaredMethods(Class.java:2701)
	at java.lang.Class.getDeclaredMethods(Class.java:1975)
	at org.springframework.util.ReflectionUtils.getDeclaredMethods(ReflectionUtils.java:668)
	... 26 common frames omitted
Caused by: java.lang.ClassNotFoundException: com.neusoft.entity.Result
	at java.net.URLClassLoader.findClass(URLClassLoader.java:381)
	at java.lang.ClassLoader.loadClass(ClassLoader.java:424)
	at sun.misc.Launcher$AppClassLoader.loadClass(Launcher.java:349)
	at java.lang.ClassLoader.loadClass(ClassLoader.java:357)
	at org.springframework.boot.devtools.restart.classloader.RestartClassLoader.loadClass(RestartClassLoader.java:148)
	at java.lang.ClassLoader.loadClass(ClassLoader.java:357)
	... 30 common frames omitted
17:26:30.173 [restartedMain] INFO  com.neusoft.HealthApplication - Starting HealthApplication on Umbrella with PID 15364 (F:\NEUSOFT\health\target\classes started by xyc in F:\NEUSOFT\health)
17:26:30.173 [restartedMain] INFO  com.neusoft.HealthApplication - The following profiles are active: dev
17:26:31.542 [restartedMain] INFO  org.apache.coyote.http11.Http11NioProtocol - Initializing ProtocolHandler ["http-nio-8002"]
17:26:31.543 [restartedMain] INFO  org.apache.catalina.core.StandardService - Starting service [Tomcat]
17:26:31.544 [restartedMain] INFO  org.apache.catalina.core.StandardEngine - Starting Servlet Engine: Apache Tomcat/9.0.13
17:26:31.761 [restartedMain] INFO  org.apache.catalina.core.ContainerBase.[Tomcat-1].[localhost].[/] - Initializing Spring embedded WebApplicationContext
17:26:32.623 [restartedMain] WARN  o.s.b.a.t.ThymeleafAutoConfiguration$DefaultTemplateResolverConfiguration - Cannot find template location: classpath:/templates/ (please add some templates or check your Thymeleaf configuration)
17:26:32.770 [restartedMain] INFO  org.apache.coyote.http11.Http11NioProtocol - Starting ProtocolHandler ["http-nio-8002"]
17:26:32.772 [restartedMain] INFO  org.apache.tomcat.util.net.NioSelectorPool - Using a shared selector for servlet write/read
17:26:32.780 [restartedMain] INFO  com.neusoft.HealthApplication - Started HealthApplication in 2.72 seconds (JVM running for 120.487)
17:26:34.851 [main] INFO  org.springframework.boot.test.context.SpringBootTestContextBootstrapper - Neither @ContextConfiguration nor @ContextHierarchy found for test class [com.neusoft.health.HealthApplicationTests], using SpringBootContextLoader
17:26:34.859 [main] INFO  org.springframework.test.context.support.AbstractContextLoader - Could not detect default resource locations for test class [com.neusoft.health.HealthApplicationTests]: no resource found for suffixes {-context.xml, Context.groovy}.
17:26:34.860 [main] INFO  org.springframework.test.context.support.AnnotationConfigContextLoaderUtils - Could not detect default configuration classes for test class [com.neusoft.health.HealthApplicationTests]: HealthApplicationTests does not declare any static, non-private, non-final, nested classes annotated with @Configuration.
17:26:35.077 [main] INFO  org.springframework.boot.test.context.SpringBootTestContextBootstrapper - Found @SpringBootConfiguration com.neusoft.HealthApplication for test class com.neusoft.health.HealthApplicationTests
17:26:35.245 [main] INFO  org.springframework.boot.test.context.SpringBootTestContextBootstrapper - Loaded default TestExecutionListener class names from location [META-INF/spring.factories]: [org.springframework.boot.test.mock.mockito.MockitoTestExecutionListener, org.springframework.boot.test.mock.mockito.ResetMocksTestExecutionListener, org.springframework.boot.test.autoconfigure.restdocs.RestDocsTestExecutionListener, org.springframework.boot.test.autoconfigure.web.client.MockRestServiceServerResetTestExecutionListener, org.springframework.boot.test.autoconfigure.web.servlet.MockMvcPrintOnlyOnFailureTestExecutionListener, org.springframework.boot.test.autoconfigure.web.servlet.WebDriverTestExecutionListener, org.springframework.test.context.web.ServletTestExecutionListener, org.springframework.test.context.support.DirtiesContextBeforeModesTestExecutionListener, org.springframework.test.context.support.DependencyInjectionTestExecutionListener, org.springframework.test.context.support.DirtiesContextTestExecutionListener, org.springframework.test.context.transaction.TransactionalTestExecutionListener, org.springframework.test.context.jdbc.SqlScriptsTestExecutionListener]
17:26:35.297 [main] INFO  org.springframework.boot.test.context.SpringBootTestContextBootstrapper - Using TestExecutionListeners: [org.springframework.test.context.web.ServletTestExecutionListener@6e0f5f7f, org.springframework.test.context.support.DirtiesContextBeforeModesTestExecutionListener@2805d709, org.springframework.boot.test.mock.mockito.MockitoTestExecutionListener@3ee37e5a, org.springframework.boot.test.autoconfigure.SpringBootDependencyInjectionTestExecutionListener@2ea41516, org.springframework.test.context.support.DirtiesContextTestExecutionListener@3a44431a, org.springframework.test.context.transaction.TransactionalTestExecutionListener@3c7f66c4, org.springframework.test.context.jdbc.SqlScriptsTestExecutionListener@194bcebf, org.springframework.boot.test.mock.mockito.ResetMocksTestExecutionListener@17497425, org.springframework.boot.test.autoconfigure.restdocs.RestDocsTestExecutionListener@f0da945, org.springframework.boot.test.autoconfigure.web.client.MockRestServiceServerResetTestExecutionListener@4803b726, org.springframework.boot.test.autoconfigure.web.servlet.MockMvcPrintOnlyOnFailureTestExecutionListener@ffaa6af, org.springframework.boot.test.autoconfigure.web.servlet.WebDriverTestExecutionListener@53ce1329]
17:26:36.053 [main] INFO  com.neusoft.health.HealthApplicationTests - Starting HealthApplicationTests on Umbrella with PID 6412 (started by xyc in F:\NEUSOFT\health)
17:26:36.053 [main] INFO  com.neusoft.health.HealthApplicationTests - The following profiles are active: dev
17:26:41.377 [main] WARN  o.s.b.a.t.ThymeleafAutoConfiguration$DefaultTemplateResolverConfiguration - Cannot find template location: classpath:/templates/ (please add some templates or check your Thymeleaf configuration)
17:26:42.178 [main] INFO  com.neusoft.health.HealthApplicationTests - Started HealthApplicationTests in 6.796 seconds (JVM running for 8.575)
