18:06:19.821 [restartedMain] INFO  com.neusoft.HealthApplication - Starting HealthApplication on Umbrella with PID 18940 (F:\NEUSOFT\health\target\classes started by xyc in F:\NEUSOFT\health)
18:06:19.951 [restartedMain] INFO  com.neusoft.HealthApplication - The following profiles are active: dev
18:06:32.194 [restartedMain] INFO  org.apache.coyote.http11.Http11NioProtocol - Initializing ProtocolHandler ["http-nio-8002"]
18:06:32.241 [restartedMain] INFO  org.apache.catalina.core.StandardService - Starting service [Tomcat]
18:06:32.241 [restartedMain] INFO  org.apache.catalina.core.StandardEngine - Starting Servlet Engine: Apache Tomcat/9.0.13
18:06:32.318 [restartedMain] INFO  org.apache.catalina.core.AprLifecycleListener - The APR based Apache Tomcat Native library which allows optimal performance in production environments was not found on the java.library.path: [C:\Program Files\Java\jdk1.8.0_171\bin;C:\WINDOWS\Sun\Java\bin;C:\WINDOWS\system32;C:\WINDOWS;D:\app\xyc\product\11.2.0\dbhome_1\bin;C:\Program Files (x86)\Common Files\Oracle\Java\javapath;C:\ProgramData\Oracle\Java\javapath;C:\Program Files (x86)\Intel\iCLS Client\;C:\Program Files\Intel\iCLS Client\;C:\WINDOWS\system32;C:\WINDOWS;C:\WINDOWS\System32\Wbem;C:\WINDOWS\System32\WindowsPowerShell\v1.0\;C:\Program Files\Intel\Intel(R) Management Engine Components\DAL;C:\Program Files (x86)\Intel\Intel(R) Management Engine Components\DAL;C:\Program Files\Intel\Intel(R) Management Engine Components\IPT;C:\Program Files (x86)\Intel\Intel(R) Management Engine Components\IPT;C:\Program Files (x86)\ATI Technologies\ATI.ACE\Core-Static;C:\Program Files\Java\jdk1.8.0_171\bin;C:\Program Files\Java\jdk1.8.0_171\jre\bin;D:\Program Files\Java\bin;C:\Program Files (x86)\Windows Live\Shared;C:\Program Files (x86)\AMD\ATI.ACE\Core-Static;F:\SQL Server\SQL Server1\100\Tools\Binn\;F:\SQL Server\100\Tools\Binn\;F:\SQL Server\100\DTS\Binn\;F:\SQL Server\SQL Server1\100\Tools\Binn\VSShell\Common7\IDE\;c:\Program Files (x86)\Microsoft Visual Studio 9.0\Common7\IDE\PrivateAssemblies\;F:\SQL Server\SQL Server1\100\DTS\Binn\;%SY;TEMROOT%\System32\OpenSSH\;F:\cBay\git\bin;F:\cBay\git\Git\cmd;F:\cBay\idea\maven\apache-maven-3.5.4\bin;F:\cBay\node\;F:\cBay\SVN\bin;F:\cBay\wkhtmltopdf\bin;C:\Program Files\Calibre2\;F:\大三\大三下\Python\Scripts\;F:\大三\大三下\Python\;C:\Users\xyc\AppData\Local\Microsoft\WindowsApps;F:\大三\大三上\JS\Vs\Microsoft VS Code\bin;C:\Users\xyc\AppData\Roaming\npm;C:\Users\xyc\AppData\Local\GitHubDesktop\bin;.]
18:06:33.043 [restartedMain] INFO  org.apache.catalina.core.ContainerBase.[Tomcat].[localhost].[/] - Initializing Spring embedded WebApplicationContext
18:06:37.018 [restartedMain] WARN  o.s.b.a.t.ThymeleafAutoConfiguration$DefaultTemplateResolverConfiguration - Cannot find template location: classpath:/templates/ (please add some templates or check your Thymeleaf configuration)
18:06:38.841 [restartedMain] INFO  org.apache.coyote.http11.Http11NioProtocol - Starting ProtocolHandler ["http-nio-8002"]
18:06:38.867 [restartedMain] INFO  org.apache.tomcat.util.net.NioSelectorPool - Using a shared selector for servlet write/read
18:06:38.960 [restartedMain] INFO  com.neusoft.HealthApplication - Started HealthApplication in 23.348 seconds (JVM running for 36.459)
18:08:09.072 [http-nio-8002-exec-1] INFO  org.apache.catalina.core.ContainerBase.[Tomcat].[localhost].[/] - Initializing Spring DispatcherServlet 'dispatcherServlet'
18:08:09.504 [http-nio-8002-exec-1] INFO  com.zaxxer.hikari.HikariDataSource - HikariPool-1 - Starting...
18:08:09.947 [http-nio-8002-exec-1] INFO  com.zaxxer.hikari.HikariDataSource - HikariPool-1 - Start completed.
18:25:06.876 [restartedMain] INFO  com.neusoft.HealthApplication - Starting HealthApplication on Umbrella with PID 1444 (F:\NEUSOFT\health\target\classes started by xyc in F:\NEUSOFT\health)
18:25:06.885 [restartedMain] INFO  com.neusoft.HealthApplication - The following profiles are active: dev
18:25:14.469 [restartedMain] INFO  org.apache.coyote.http11.Http11NioProtocol - Initializing ProtocolHandler ["http-nio-8002"]
18:25:14.503 [restartedMain] INFO  org.apache.catalina.core.StandardService - Starting service [Tomcat]
18:25:14.503 [restartedMain] INFO  org.apache.catalina.core.StandardEngine - Starting Servlet Engine: Apache Tomcat/9.0.13
18:25:14.525 [restartedMain] INFO  org.apache.catalina.core.AprLifecycleListener - The APR based Apache Tomcat Native library which allows optimal performance in production environments was not found on the java.library.path: [C:\Program Files\Java\jdk1.8.0_171\bin;C:\WINDOWS\Sun\Java\bin;C:\WINDOWS\system32;C:\WINDOWS;D:\app\xyc\product\11.2.0\dbhome_1\bin;C:\Program Files (x86)\Common Files\Oracle\Java\javapath;C:\ProgramData\Oracle\Java\javapath;C:\Program Files (x86)\Intel\iCLS Client\;C:\Program Files\Intel\iCLS Client\;C:\WINDOWS\system32;C:\WINDOWS;C:\WINDOWS\System32\Wbem;C:\WINDOWS\System32\WindowsPowerShell\v1.0\;C:\Program Files\Intel\Intel(R) Management Engine Components\DAL;C:\Program Files (x86)\Intel\Intel(R) Management Engine Components\DAL;C:\Program Files\Intel\Intel(R) Management Engine Components\IPT;C:\Program Files (x86)\Intel\Intel(R) Management Engine Components\IPT;C:\Program Files (x86)\ATI Technologies\ATI.ACE\Core-Static;C:\Program Files\Java\jdk1.8.0_171\bin;C:\Program Files\Java\jdk1.8.0_171\jre\bin;D:\Program Files\Java\bin;C:\Program Files (x86)\Windows Live\Shared;C:\Program Files (x86)\AMD\ATI.ACE\Core-Static;F:\SQL Server\SQL Server1\100\Tools\Binn\;F:\SQL Server\100\Tools\Binn\;F:\SQL Server\100\DTS\Binn\;F:\SQL Server\SQL Server1\100\Tools\Binn\VSShell\Common7\IDE\;c:\Program Files (x86)\Microsoft Visual Studio 9.0\Common7\IDE\PrivateAssemblies\;F:\SQL Server\SQL Server1\100\DTS\Binn\;%SY;TEMROOT%\System32\OpenSSH\;F:\cBay\git\bin;F:\cBay\git\Git\cmd;F:\cBay\idea\maven\apache-maven-3.5.4\bin;F:\cBay\node\;F:\cBay\SVN\bin;F:\cBay\wkhtmltopdf\bin;C:\Program Files\Calibre2\;F:\大三\大三下\Python\Scripts\;F:\大三\大三下\Python\;C:\Users\xyc\AppData\Local\Microsoft\WindowsApps;F:\大三\大三上\JS\Vs\Microsoft VS Code\bin;C:\Users\xyc\AppData\Roaming\npm;C:\Users\xyc\AppData\Local\GitHubDesktop\bin;.]
18:25:15.033 [restartedMain] INFO  org.apache.catalina.core.ContainerBase.[Tomcat].[localhost].[/] - Initializing Spring embedded WebApplicationContext
18:25:17.132 [restartedMain] WARN  o.s.b.a.t.ThymeleafAutoConfiguration$DefaultTemplateResolverConfiguration - Cannot find template location: classpath:/templates/ (please add some templates or check your Thymeleaf configuration)
18:25:17.758 [restartedMain] INFO  org.apache.coyote.http11.Http11NioProtocol - Starting ProtocolHandler ["http-nio-8002"]
18:25:17.818 [restartedMain] INFO  org.apache.tomcat.util.net.NioSelectorPool - Using a shared selector for servlet write/read
18:25:17.933 [restartedMain] INFO  com.neusoft.HealthApplication - Started HealthApplication in 12.521 seconds (JVM running for 16.043)
19:47:10.789 [http-nio-8002-exec-1] INFO  org.apache.catalina.core.ContainerBase.[Tomcat].[localhost].[/] - Initializing Spring DispatcherServlet 'dispatcherServlet'
19:47:11.246 [http-nio-8002-exec-1] ERROR o.a.catalina.core.ContainerBase.[Tomcat].[localhost].[/].[dispatcherServlet] - Servlet.service() for servlet [dispatcherServlet] in context with path [] threw exception [Request processing failed; nested exception is org.mybatis.spring.MyBatisSystemException: nested exception is org.apache.ibatis.binding.BindingException: Parameter 'questionId' not found. Available parameters are [QuestionId, userId, param1, param2]] with root cause
org.apache.ibatis.binding.BindingException: Parameter 'questionId' not found. Available parameters are [QuestionId, userId, param1, param2]
	at org.apache.ibatis.binding.MapperMethod$ParamMap.get(MapperMethod.java:202)
	at org.apache.ibatis.reflection.wrapper.MapWrapper.get(MapWrapper.java:45)
	at org.apache.ibatis.reflection.MetaObject.getValue(MetaObject.java:122)
	at org.apache.ibatis.executor.BaseExecutor.createCacheKey(BaseExecutor.java:219)
	at org.apache.ibatis.executor.CachingExecutor.createCacheKey(CachingExecutor.java:146)
	at com.github.pagehelper.PageInterceptor.intercept(PageInterceptor.java:84)
	at org.apache.ibatis.plugin.Plugin.invoke(Plugin.java:61)
	at com.sun.proxy.$Proxy87.query(Unknown Source)
	at org.apache.ibatis.session.defaults.DefaultSqlSession.selectList(DefaultSqlSession.java:148)
	at org.apache.ibatis.session.defaults.DefaultSqlSession.selectList(DefaultSqlSession.java:141)
	at sun.reflect.NativeMethodAccessorImpl.invoke0(Native Method)
	at sun.reflect.NativeMethodAccessorImpl.invoke(NativeMethodAccessorImpl.java:62)
	at sun.reflect.DelegatingMethodAccessorImpl.invoke(DelegatingMethodAccessorImpl.java:43)
	at java.lang.reflect.Method.invoke(Method.java:498)
	at org.mybatis.spring.SqlSessionTemplate$SqlSessionInterceptor.invoke(SqlSessionTemplate.java:433)
	at com.sun.proxy.$Proxy68.selectList(Unknown Source)
	at org.mybatis.spring.SqlSessionTemplate.selectList(SqlSessionTemplate.java:230)
	at org.apache.ibatis.binding.MapperMethod.executeForMany(MapperMethod.java:137)
	at org.apache.ibatis.binding.MapperMethod.execute(MapperMethod.java:75)
	at org.apache.ibatis.binding.MapperProxy.invoke(MapperProxy.java:59)
	at com.sun.proxy.$Proxy77.selectCollectionQuestionIdByUserId(Unknown Source)
	at com.neusoft.service.QuestionService.collectionQuestionById(QuestionService.java:128)
	at com.neusoft.controller.QuestionController.collectionQuestionById(QuestionController.java:115)
	at sun.reflect.NativeMethodAccessorImpl.invoke0(Native Method)
	at sun.reflect.NativeMethodAccessorImpl.invoke(NativeMethodAccessorImpl.java:62)
	at sun.reflect.DelegatingMethodAccessorImpl.invoke(DelegatingMethodAccessorImpl.java:43)
	at java.lang.reflect.Method.invoke(Method.java:498)
	at org.springframework.web.method.support.InvocableHandlerMethod.doInvoke(InvocableHandlerMethod.java:189)
	at org.springframework.web.method.support.InvocableHandlerMethod.invokeForRequest(InvocableHandlerMethod.java:138)
	at org.springframework.web.servlet.mvc.method.annotation.ServletInvocableHandlerMethod.invokeAndHandle(ServletInvocableHandlerMethod.java:102)
	at org.springframework.web.servlet.mvc.method.annotation.RequestMappingHandlerAdapter.invokeHandlerMethod(RequestMappingHandlerAdapter.java:895)
	at org.springframework.web.servlet.mvc.method.annotation.RequestMappingHandlerAdapter.handleInternal(RequestMappingHandlerAdapter.java:800)
	at org.springframework.web.servlet.mvc.method.AbstractHandlerMethodAdapter.handle(AbstractHandlerMethodAdapter.java:87)
	at org.springframework.web.servlet.DispatcherServlet.doDispatch(DispatcherServlet.java:1038)
	at org.springframework.web.servlet.DispatcherServlet.doService(DispatcherServlet.java:942)
	at org.springframework.web.servlet.FrameworkServlet.processRequest(FrameworkServlet.java:1005)
	at org.springframework.web.servlet.FrameworkServlet.doPost(FrameworkServlet.java:908)
	at javax.servlet.http.HttpServlet.service(HttpServlet.java:660)
	at org.springframework.web.servlet.FrameworkServlet.service(FrameworkServlet.java:882)
	at javax.servlet.http.HttpServlet.service(HttpServlet.java:741)
	at org.apache.catalina.core.ApplicationFilterChain.internalDoFilter(ApplicationFilterChain.java:231)
	at org.apache.catalina.core.ApplicationFilterChain.doFilter(ApplicationFilterChain.java:166)
	at org.apache.tomcat.websocket.server.WsFilter.doFilter(WsFilter.java:53)
	at org.apache.catalina.core.ApplicationFilterChain.internalDoFilter(ApplicationFilterChain.java:193)
	at org.apache.catalina.core.ApplicationFilterChain.doFilter(ApplicationFilterChain.java:166)
	at org.springframework.web.filter.CorsFilter.doFilterInternal(CorsFilter.java:96)
	at org.springframework.web.filter.OncePerRequestFilter.doFilter(OncePerRequestFilter.java:107)
	at org.apache.catalina.core.ApplicationFilterChain.internalDoFilter(ApplicationFilterChain.java:193)
	at org.apache.catalina.core.ApplicationFilterChain.doFilter(ApplicationFilterChain.java:166)
	at org.springframework.web.filter.RequestContextFilter.doFilterInternal(RequestContextFilter.java:99)
	at org.springframework.web.filter.OncePerRequestFilter.doFilter(OncePerRequestFilter.java:107)
	at org.apache.catalina.core.ApplicationFilterChain.internalDoFilter(ApplicationFilterChain.java:193)
	at org.apache.catalina.core.ApplicationFilterChain.doFilter(ApplicationFilterChain.java:166)
	at org.springframework.web.filter.FormContentFilter.doFilterInternal(FormContentFilter.java:92)
	at org.springframework.web.filter.OncePerRequestFilter.doFilter(OncePerRequestFilter.java:107)
	at org.apache.catalina.core.ApplicationFilterChain.internalDoFilter(ApplicationFilterChain.java:193)
	at org.apache.catalina.core.ApplicationFilterChain.doFilter(ApplicationFilterChain.java:166)
	at org.springframework.web.filter.HiddenHttpMethodFilter.doFilterInternal(HiddenHttpMethodFilter.java:93)
	at org.springframework.web.filter.OncePerRequestFilter.doFilter(OncePerRequestFilter.java:107)
	at org.apache.catalina.core.ApplicationFilterChain.internalDoFilter(ApplicationFilterChain.java:193)
	at org.apache.catalina.core.ApplicationFilterChain.doFilter(ApplicationFilterChain.java:166)
	at org.springframework.web.filter.CharacterEncodingFilter.doFilterInternal(CharacterEncodingFilter.java:200)
	at org.springframework.web.filter.OncePerRequestFilter.doFilter(OncePerRequestFilter.java:107)
	at org.apache.catalina.core.ApplicationFilterChain.internalDoFilter(ApplicationFilterChain.java:193)
	at org.apache.catalina.core.ApplicationFilterChain.doFilter(ApplicationFilterChain.java:166)
	at org.apache.catalina.core.StandardWrapperValve.invoke(StandardWrapperValve.java:199)
	at org.apache.catalina.core.StandardContextValve.invoke(StandardContextValve.java:96)
	at org.apache.catalina.authenticator.AuthenticatorBase.invoke(AuthenticatorBase.java:490)
	at org.apache.catalina.core.StandardHostValve.invoke(StandardHostValve.java:139)
	at org.apache.catalina.valves.ErrorReportValve.invoke(ErrorReportValve.java:92)
	at org.apache.catalina.core.StandardEngineValve.invoke(StandardEngineValve.java:74)
	at org.apache.catalina.connector.CoyoteAdapter.service(CoyoteAdapter.java:343)
	at org.apache.coyote.http11.Http11Processor.service(Http11Processor.java:408)
	at org.apache.coyote.AbstractProcessorLight.process(AbstractProcessorLight.java:66)
	at org.apache.coyote.AbstractProtocol$ConnectionHandler.process(AbstractProtocol.java:791)
	at org.apache.tomcat.util.net.NioEndpoint$SocketProcessor.doRun(NioEndpoint.java:1417)
	at org.apache.tomcat.util.net.SocketProcessorBase.run(SocketProcessorBase.java:49)
	at java.util.concurrent.ThreadPoolExecutor.runWorker(ThreadPoolExecutor.java:1149)
	at java.util.concurrent.ThreadPoolExecutor$Worker.run(ThreadPoolExecutor.java:624)
	at org.apache.tomcat.util.threads.TaskThread$WrappingRunnable.run(TaskThread.java:61)
	at java.lang.Thread.run(Thread.java:748)
20:06:35.605 [restartedMain] INFO  com.neusoft.HealthApplication - Starting HealthApplication on Umbrella with PID 18628 (F:\NEUSOFT\health\target\classes started by xyc in F:\NEUSOFT\health)
20:06:35.614 [restartedMain] INFO  com.neusoft.HealthApplication - The following profiles are active: dev
20:06:43.022 [restartedMain] INFO  org.apache.coyote.http11.Http11NioProtocol - Initializing ProtocolHandler ["http-nio-8002"]
20:06:43.062 [restartedMain] INFO  org.apache.catalina.core.StandardService - Starting service [Tomcat]
20:06:43.063 [restartedMain] INFO  org.apache.catalina.core.StandardEngine - Starting Servlet Engine: Apache Tomcat/9.0.13
20:06:43.093 [restartedMain] INFO  org.apache.catalina.core.AprLifecycleListener - The APR based Apache Tomcat Native library which allows optimal performance in production environments was not found on the java.library.path: [C:\Program Files\Java\jdk1.8.0_171\bin;C:\WINDOWS\Sun\Java\bin;C:\WINDOWS\system32;C:\WINDOWS;D:\app\xyc\product\11.2.0\dbhome_1\bin;C:\Program Files (x86)\Common Files\Oracle\Java\javapath;C:\ProgramData\Oracle\Java\javapath;C:\Program Files (x86)\Intel\iCLS Client\;C:\Program Files\Intel\iCLS Client\;C:\WINDOWS\system32;C:\WINDOWS;C:\WINDOWS\System32\Wbem;C:\WINDOWS\System32\WindowsPowerShell\v1.0\;C:\Program Files\Intel\Intel(R) Management Engine Components\DAL;C:\Program Files (x86)\Intel\Intel(R) Management Engine Components\DAL;C:\Program Files\Intel\Intel(R) Management Engine Components\IPT;C:\Program Files (x86)\Intel\Intel(R) Management Engine Components\IPT;C:\Program Files (x86)\ATI Technologies\ATI.ACE\Core-Static;C:\Program Files\Java\jdk1.8.0_171\bin;C:\Program Files\Java\jdk1.8.0_171\jre\bin;D:\Program Files\Java\bin;C:\Program Files (x86)\Windows Live\Shared;C:\Program Files (x86)\AMD\ATI.ACE\Core-Static;F:\SQL Server\SQL Server1\100\Tools\Binn\;F:\SQL Server\100\Tools\Binn\;F:\SQL Server\100\DTS\Binn\;F:\SQL Server\SQL Server1\100\Tools\Binn\VSShell\Common7\IDE\;c:\Program Files (x86)\Microsoft Visual Studio 9.0\Common7\IDE\PrivateAssemblies\;F:\SQL Server\SQL Server1\100\DTS\Binn\;%SY;TEMROOT%\System32\OpenSSH\;F:\cBay\git\bin;F:\cBay\git\Git\cmd;F:\cBay\idea\maven\apache-maven-3.5.4\bin;F:\cBay\node\;F:\cBay\SVN\bin;F:\cBay\wkhtmltopdf\bin;C:\Program Files\Calibre2\;F:\大三\大三下\Python\Scripts\;F:\大三\大三下\Python\;C:\Users\xyc\AppData\Local\Microsoft\WindowsApps;F:\大三\大三上\JS\Vs\Microsoft VS Code\bin;C:\Users\xyc\AppData\Roaming\npm;C:\Users\xyc\AppData\Local\GitHubDesktop\bin;.]
20:06:43.446 [restartedMain] INFO  org.apache.catalina.core.ContainerBase.[Tomcat].[localhost].[/] - Initializing Spring embedded WebApplicationContext
20:06:46.159 [restartedMain] WARN  o.s.b.a.t.ThymeleafAutoConfiguration$DefaultTemplateResolverConfiguration - Cannot find template location: classpath:/templates/ (please add some templates or check your Thymeleaf configuration)
20:06:46.891 [restartedMain] INFO  org.apache.coyote.http11.Http11NioProtocol - Starting ProtocolHandler ["http-nio-8002"]
20:06:46.923 [restartedMain] INFO  org.apache.tomcat.util.net.NioSelectorPool - Using a shared selector for servlet write/read
20:06:46.981 [restartedMain] INFO  com.neusoft.HealthApplication - Started HealthApplication in 13.399 seconds (JVM running for 16.296)
20:07:25.453 [http-nio-8002-exec-2] INFO  org.apache.catalina.core.ContainerBase.[Tomcat].[localhost].[/] - Initializing Spring DispatcherServlet 'dispatcherServlet'
20:07:25.936 [http-nio-8002-exec-2] INFO  com.zaxxer.hikari.HikariDataSource - HikariPool-1 - Starting...
20:07:26.457 [http-nio-8002-exec-2] INFO  com.zaxxer.hikari.HikariDataSource - HikariPool-1 - Start completed.
20:21:19.749 [Thread-6] INFO  com.zaxxer.hikari.HikariDataSource - HikariPool-1 - Shutdown initiated...
20:21:19.773 [Thread-6] INFO  com.zaxxer.hikari.HikariDataSource - HikariPool-1 - Shutdown completed.
20:21:20.761 [restartedMain] INFO  com.neusoft.HealthApplication - Starting HealthApplication on Umbrella with PID 18628 (F:\NEUSOFT\health\target\classes started by xyc in F:\NEUSOFT\health)
20:21:20.761 [restartedMain] INFO  com.neusoft.HealthApplication - The following profiles are active: dev
20:21:23.648 [restartedMain] INFO  org.apache.coyote.http11.Http11NioProtocol - Initializing ProtocolHandler ["http-nio-8002"]
20:21:23.648 [restartedMain] INFO  org.apache.catalina.core.StandardService - Starting service [Tomcat]
20:21:23.649 [restartedMain] INFO  org.apache.catalina.core.StandardEngine - Starting Servlet Engine: Apache Tomcat/9.0.13
20:21:23.795 [restartedMain] INFO  org.apache.catalina.core.ContainerBase.[Tomcat].[localhost].[/] - Initializing Spring embedded WebApplicationContext
20:21:25.788 [restartedMain] WARN  o.s.b.a.t.ThymeleafAutoConfiguration$DefaultTemplateResolverConfiguration - Cannot find template location: classpath:/templates/ (please add some templates or check your Thymeleaf configuration)
20:21:26.171 [restartedMain] INFO  org.apache.coyote.http11.Http11NioProtocol - Starting ProtocolHandler ["http-nio-8002"]
20:21:26.174 [restartedMain] INFO  org.apache.tomcat.util.net.NioSelectorPool - Using a shared selector for servlet write/read
20:21:26.269 [restartedMain] INFO  com.neusoft.HealthApplication - Started HealthApplication in 5.584 seconds (JVM running for 895.587)
20:21:30.470 [restartedMain] INFO  com.neusoft.HealthApplication - Starting HealthApplication on Umbrella with PID 18628 (F:\NEUSOFT\health\target\classes started by xyc in F:\NEUSOFT\health)
20:21:30.471 [restartedMain] INFO  com.neusoft.HealthApplication - The following profiles are active: dev
20:21:33.247 [restartedMain] INFO  org.apache.coyote.http11.Http11NioProtocol - Initializing ProtocolHandler ["http-nio-8002"]
20:21:33.248 [restartedMain] INFO  org.apache.catalina.core.StandardService - Starting service [Tomcat]
20:21:33.249 [restartedMain] INFO  org.apache.catalina.core.StandardEngine - Starting Servlet Engine: Apache Tomcat/9.0.13
20:21:33.354 [restartedMain] INFO  org.apache.catalina.core.ContainerBase.[Tomcat].[localhost].[/] - Initializing Spring embedded WebApplicationContext
20:21:33.453 [restartedMain] WARN  o.s.boot.web.servlet.context.AnnotationConfigServletWebServerApplicationContext - Exception encountered during context initialization - cancelling refresh attempt: org.springframework.beans.factory.BeanCreationException: Error creating bean with name 'doctorController': Lookup method resolution failed; nested exception is java.lang.IllegalStateException: Failed to introspect Class [com.neusoft.controller.DoctorController] from ClassLoader [org.springframework.boot.devtools.restart.classloader.RestartClassLoader@243fcd43]
20:21:33.455 [restartedMain] INFO  org.apache.catalina.core.StandardService - Stopping service [Tomcat]
20:21:33.496 [restartedMain] ERROR org.springframework.boot.SpringApplication - Application run failed
org.springframework.beans.factory.BeanCreationException: Error creating bean with name 'doctorController': Lookup method resolution failed; nested exception is java.lang.IllegalStateException: Failed to introspect Class [com.neusoft.controller.DoctorController] from ClassLoader [org.springframework.boot.devtools.restart.classloader.RestartClassLoader@243fcd43]
	at org.springframework.beans.factory.annotation.AutowiredAnnotationBeanPostProcessor.determineCandidateConstructors(AutowiredAnnotationBeanPostProcessor.java:265)
	at org.springframework.beans.factory.support.AbstractAutowireCapableBeanFactory.determineConstructorsFromBeanPostProcessors(AbstractAutowireCapableBeanFactory.java:1236)
	at org.springframework.beans.factory.support.AbstractAutowireCapableBeanFactory.createBeanInstance(AbstractAutowireCapableBeanFactory.java:1151)
	at org.springframework.beans.factory.support.AbstractAutowireCapableBeanFactory.doCreateBean(AbstractAutowireCapableBeanFactory.java:538)
	at org.springframework.beans.factory.support.AbstractAutowireCapableBeanFactory.createBean(AbstractAutowireCapableBeanFactory.java:498)
	at org.springframework.beans.factory.support.AbstractBeanFactory.lambda$doGetBean$0(AbstractBeanFactory.java:320)
	at org.springframework.beans.factory.support.DefaultSingletonBeanRegistry.getSingleton(DefaultSingletonBeanRegistry.java:222)
	at org.springframework.beans.factory.support.AbstractBeanFactory.doGetBean(AbstractBeanFactory.java:318)
	at org.springframework.beans.factory.support.AbstractBeanFactory.getBean(AbstractBeanFactory.java:199)
	at org.springframework.beans.factory.support.DefaultListableBeanFactory.preInstantiateSingletons(DefaultListableBeanFactory.java:846)
	at org.springframework.context.support.AbstractApplicationContext.finishBeanFactoryInitialization(AbstractApplicationContext.java:863)
	at org.springframework.context.support.AbstractApplicationContext.refresh(AbstractApplicationContext.java:546)
	at org.springframework.boot.web.servlet.context.ServletWebServerApplicationContext.refresh(ServletWebServerApplicationContext.java:142)
	at org.springframework.boot.SpringApplication.refresh(SpringApplication.java:775)
	at org.springframework.boot.SpringApplication.refreshContext(SpringApplication.java:397)
	at org.springframework.boot.SpringApplication.run(SpringApplication.java:316)
	at org.springframework.boot.SpringApplication.run(SpringApplication.java:1260)
	at org.springframework.boot.SpringApplication.run(SpringApplication.java:1248)
	at com.neusoft.HealthApplication.main(HealthApplication.java:17)
	at sun.reflect.NativeMethodAccessorImpl.invoke0(Native Method)
	at sun.reflect.NativeMethodAccessorImpl.invoke(NativeMethodAccessorImpl.java:62)
	at sun.reflect.DelegatingMethodAccessorImpl.invoke(DelegatingMethodAccessorImpl.java:43)
	at java.lang.reflect.Method.invoke(Method.java:498)
	at org.springframework.boot.devtools.restart.RestartLauncher.run(RestartLauncher.java:49)
Caused by: java.lang.IllegalStateException: Failed to introspect Class [com.neusoft.controller.DoctorController] from ClassLoader [org.springframework.boot.devtools.restart.classloader.RestartClassLoader@243fcd43]
	at org.springframework.util.ReflectionUtils.getDeclaredMethods(ReflectionUtils.java:686)
	at org.springframework.util.ReflectionUtils.doWithMethods(ReflectionUtils.java:583)
	at org.springframework.util.ReflectionUtils.doWithMethods(ReflectionUtils.java:568)
	at org.springframework.beans.factory.annotation.AutowiredAnnotationBeanPostProcessor.determineCandidateConstructors(AutowiredAnnotationBeanPostProcessor.java:248)
	... 23 common frames omitted
Caused by: java.lang.NoClassDefFoundError: com/neusoft/entity/Result
	at java.lang.Class.getDeclaredMethods0(Native Method)
	at java.lang.Class.privateGetDeclaredMethods(Class.java:2701)
	at java.lang.Class.getDeclaredMethods(Class.java:1975)
	at org.springframework.util.ReflectionUtils.getDeclaredMethods(ReflectionUtils.java:668)
	... 26 common frames omitted
Caused by: java.lang.ClassNotFoundException: com.neusoft.entity.Result
	at java.net.URLClassLoader.findClass(URLClassLoader.java:381)
	at java.lang.ClassLoader.loadClass(ClassLoader.java:424)
	at sun.misc.Launcher$AppClassLoader.loadClass(Launcher.java:349)
	at java.lang.ClassLoader.loadClass(ClassLoader.java:357)
	at org.springframework.boot.devtools.restart.classloader.RestartClassLoader.loadClass(RestartClassLoader.java:148)
	at java.lang.ClassLoader.loadClass(ClassLoader.java:357)
	... 30 common frames omitted
20:21:43.775 [restartedMain] INFO  com.neusoft.HealthApplication - Starting HealthApplication on Umbrella with PID 18628 (F:\NEUSOFT\health\target\classes started by xyc in F:\NEUSOFT\health)
20:21:43.775 [restartedMain] INFO  com.neusoft.HealthApplication - The following profiles are active: dev
20:21:46.175 [restartedMain] INFO  org.apache.coyote.http11.Http11NioProtocol - Initializing ProtocolHandler ["http-nio-8002"]
20:21:46.178 [restartedMain] INFO  org.apache.catalina.core.StandardService - Starting service [Tomcat]
20:21:46.178 [restartedMain] INFO  org.apache.catalina.core.StandardEngine - Starting Servlet Engine: Apache Tomcat/9.0.13
20:21:46.274 [restartedMain] INFO  org.apache.catalina.core.ContainerBase.[Tomcat-1].[localhost].[/] - Initializing Spring embedded WebApplicationContext
20:21:47.110 [restartedMain] WARN  o.s.b.a.t.ThymeleafAutoConfiguration$DefaultTemplateResolverConfiguration - Cannot find template location: classpath:/templates/ (please add some templates or check your Thymeleaf configuration)
20:21:47.276 [restartedMain] INFO  org.apache.coyote.http11.Http11NioProtocol - Starting ProtocolHandler ["http-nio-8002"]
20:21:47.279 [restartedMain] INFO  org.apache.tomcat.util.net.NioSelectorPool - Using a shared selector for servlet write/read
20:21:47.314 [restartedMain] INFO  com.neusoft.HealthApplication - Started HealthApplication in 3.639 seconds (JVM running for 916.632)
20:21:57.897 [main] INFO  org.springframework.boot.test.context.SpringBootTestContextBootstrapper - Neither @ContextConfiguration nor @ContextHierarchy found for test class [com.neusoft.health.HealthApplicationTests], using SpringBootContextLoader
20:21:57.908 [main] INFO  org.springframework.test.context.support.AbstractContextLoader - Could not detect default resource locations for test class [com.neusoft.health.HealthApplicationTests]: no resource found for suffixes {-context.xml, Context.groovy}.
20:21:57.910 [main] INFO  org.springframework.test.context.support.AnnotationConfigContextLoaderUtils - Could not detect default configuration classes for test class [com.neusoft.health.HealthApplicationTests]: HealthApplicationTests does not declare any static, non-private, non-final, nested classes annotated with @Configuration.
20:21:58.125 [main] INFO  org.springframework.boot.test.context.SpringBootTestContextBootstrapper - Found @SpringBootConfiguration com.neusoft.HealthApplication for test class com.neusoft.health.HealthApplicationTests
20:21:58.383 [main] INFO  org.springframework.boot.test.context.SpringBootTestContextBootstrapper - Loaded default TestExecutionListener class names from location [META-INF/spring.factories]: [org.springframework.boot.test.mock.mockito.MockitoTestExecutionListener, org.springframework.boot.test.mock.mockito.ResetMocksTestExecutionListener, org.springframework.boot.test.autoconfigure.restdocs.RestDocsTestExecutionListener, org.springframework.boot.test.autoconfigure.web.client.MockRestServiceServerResetTestExecutionListener, org.springframework.boot.test.autoconfigure.web.servlet.MockMvcPrintOnlyOnFailureTestExecutionListener, org.springframework.boot.test.autoconfigure.web.servlet.WebDriverTestExecutionListener, org.springframework.test.context.web.ServletTestExecutionListener, org.springframework.test.context.support.DirtiesContextBeforeModesTestExecutionListener, org.springframework.test.context.support.DependencyInjectionTestExecutionListener, org.springframework.test.context.support.DirtiesContextTestExecutionListener, org.springframework.test.context.transaction.TransactionalTestExecutionListener, org.springframework.test.context.jdbc.SqlScriptsTestExecutionListener]
20:21:58.424 [main] INFO  org.springframework.boot.test.context.SpringBootTestContextBootstrapper - Using TestExecutionListeners: [org.springframework.test.context.web.ServletTestExecutionListener@3ee37e5a, org.springframework.test.context.support.DirtiesContextBeforeModesTestExecutionListener@2ea41516, org.springframework.boot.test.mock.mockito.MockitoTestExecutionListener@3a44431a, org.springframework.boot.test.autoconfigure.SpringBootDependencyInjectionTestExecutionListener@3c7f66c4, org.springframework.test.context.support.DirtiesContextTestExecutionListener@194bcebf, org.springframework.test.context.transaction.TransactionalTestExecutionListener@17497425, org.springframework.test.context.jdbc.SqlScriptsTestExecutionListener@f0da945, org.springframework.boot.test.mock.mockito.ResetMocksTestExecutionListener@4803b726, org.springframework.boot.test.autoconfigure.restdocs.RestDocsTestExecutionListener@ffaa6af, org.springframework.boot.test.autoconfigure.web.client.MockRestServiceServerResetTestExecutionListener@53ce1329, org.springframework.boot.test.autoconfigure.web.servlet.MockMvcPrintOnlyOnFailureTestExecutionListener@316bcf94, org.springframework.boot.test.autoconfigure.web.servlet.WebDriverTestExecutionListener@6404f418]
20:21:59.231 [main] INFO  com.neusoft.health.HealthApplicationTests - Starting HealthApplicationTests on Umbrella with PID 16092 (started by xyc in F:\NEUSOFT\health)
20:21:59.232 [main] INFO  com.neusoft.health.HealthApplicationTests - The following profiles are active: dev
20:22:07.226 [main] WARN  o.s.b.a.t.ThymeleafAutoConfiguration$DefaultTemplateResolverConfiguration - Cannot find template location: classpath:/templates/ (please add some templates or check your Thymeleaf configuration)
20:22:08.168 [main] INFO  com.neusoft.health.HealthApplicationTests - Started HealthApplicationTests in 9.632 seconds (JVM running for 13.709)
